#
# There is insufficient memory for the Java Runtime Environment to continue.
# Native memory allocation (malloc) failed to allocate 1872976 bytes for Chunk::new
# Possible reasons:
#   The system is out of physical RAM or swap space
#   The process is running with CompressedOops enabled, and the Java Heap may be blocking the growth of the native heap
# Possible solutions:
#   Reduce memory load on the system
#   Increase physical memory or swap space
#   Check if swap backing store is full
#   Decrease Java heap size (-Xmx/-Xms)
#   Decrease number of Java threads
#   Decrease Java thread stack sizes (-Xss)
#   Set larger code cache with -XX:ReservedCodeCacheSize=
#   JVM is running with Zero Based Compressed Oops mode in which the Java heap is
#     placed in the first 32GB address space. The Java Heap base address is the
#     maximum limit for the native heap growth. Please use -XX:HeapBaseMinAddress
#     to set the Java Heap base and to place the Java Heap above 32GB virtual address.
# This output file may be truncated or incomplete.
#
#  Out of Memory Error (allocation.cpp:389), pid=20560, tid=0x00000000000048a4
#
# JRE version: Java(TM) SE Runtime Environment (8.0_231-b11) (build 1.8.0_231-b11)
# Java VM: Java HotSpot(TM) 64-Bit Server VM (25.231-b11 mixed mode windows-amd64 compressed oops)
# Failed to write core dump. Minidumps are not enabled by default on client versions of Windows
#

---------------  T H R E A D  ---------------

Current thread (0x000000001f170800):  JavaThread "C2 CompilerThread2" daemon [_thread_in_native, id=18596, stack(0x000000001fc70000,0x000000001fd70000)]

Stack: [0x000000001fc70000,0x000000001fd70000]
[error occurred during error reporting (printing stack bounds), id 0xc0000005]

Native frames: (J=compiled Java code, j=interpreted, Vv=VM code, C=native code)


Current CompileTask:
C2: 230189 26935 % !   4       com.android.ide.common.resources.DataMerger::mergeData @ 247 (611 bytes)


---------------  P R O C E S S  ---------------

Java Threads: ( => current thread )
  0x000000002e548800 JavaThread "stdout" [_thread_in_native, id=11072, stack(0x00000000365d0000,0x00000000366d0000)]
  0x000000002e547800 JavaThread "stderr" [_thread_in_native, id=6032, stack(0x0000000035740000,0x0000000035840000)]
  0x000000002e546000 JavaThread "stdout" [_thread_in_native, id=3024, stack(0x00000000364d0000,0x00000000365d0000)]
  0x000000002e549000 JavaThread "stderr" [_thread_in_native, id=2644, stack(0x00000000363d0000,0x00000000364d0000)]
  0x000000002e547000 JavaThread "stdout" [_thread_in_native, id=13136, stack(0x00000000362d0000,0x00000000363d0000)]
  0x000000002e54a000 JavaThread "stderr" [_thread_in_native, id=19748, stack(0x00000000361d0000,0x00000000362d0000)]
  0x000000002e4c8000 JavaThread "stdout" [_thread_in_native, id=10288, stack(0x00000000360d0000,0x00000000361d0000)]
  0x0000000024258800 JavaThread "stderr" [_thread_in_native, id=14088, stack(0x0000000035fd0000,0x00000000360d0000)]
  0x00000000318f2000 JavaThread "stdout" [_thread_in_native, id=1748, stack(0x0000000035ed0000,0x0000000035fd0000)]
  0x00000000318ef800 JavaThread "stderr" [_thread_in_native, id=4728, stack(0x0000000035ba0000,0x0000000035ca0000)]
  0x0000000025ab6800 JavaThread "stdout" [_thread_in_native, id=4712, stack(0x0000000035dd0000,0x0000000035ed0000)]
  0x0000000025ab6000 JavaThread "stderr" [_thread_in_native, id=1736, stack(0x0000000035cd0000,0x0000000035dd0000)]
  0x0000000025ab7800 JavaThread "stdout" [_thread_in_native, id=18760, stack(0x0000000035aa0000,0x0000000035ba0000)]
  0x0000000025ab5000 JavaThread "stderr" [_thread_in_native, id=18964, stack(0x00000000359a0000,0x0000000035aa0000)]
  0x0000000025ab4800 JavaThread "stdout" [_thread_in_native, id=7172, stack(0x00000000358a0000,0x00000000359a0000)]
  0x0000000025aac800 JavaThread "stderr" [_thread_in_native, id=17676, stack(0x0000000035240000,0x0000000035340000)]
  0x0000000025ab3800 JavaThread "pool-3-thread-1" [_thread_blocked, id=7436, stack(0x0000000034290000,0x0000000034390000)]
  0x0000000025aa9000 JavaThread "WorkerExecutor Queue Thread 17" [_thread_blocked, id=16936, stack(0x00000000308f0000,0x00000000309f0000)]
  0x0000000025ab0000 JavaThread "WorkerExecutor Queue Thread 16" [_thread_blocked, id=19644, stack(0x000000002cbc0000,0x000000002ccc0000)]
  0x00000000318ec800 JavaThread "RMI TCP Connection(1)-127.0.0.1" daemon [_thread_in_native, id=11576, stack(0x0000000035640000,0x0000000035740000)]
  0x0000000021d02000 JavaThread "RMI Reaper" [_thread_blocked, id=18568, stack(0x0000000035540000,0x0000000035640000)]
  0x00000000257a0800 JavaThread "RMI TCP Accept-0" daemon [_thread_in_native, id=18584, stack(0x0000000035440000,0x0000000035540000)]
  0x00000000257a0000 JavaThread "GC Daemon" daemon [_thread_blocked, id=19728, stack(0x0000000035340000,0x0000000035440000)]
  0x0000000024259000 JavaThread "RMI Scheduler(0)" daemon [_thread_blocked, id=8600, stack(0x0000000033a10000,0x0000000033b10000)]
  0x00000000318f5000 JavaThread "WorkerExecutor Queue Thread 15" [_thread_blocked, id=21400, stack(0x0000000034b40000,0x0000000034c40000)]
  0x00000000318ed800 JavaThread "WorkerExecutor Queue Thread 13" [_thread_blocked, id=10016, stack(0x0000000033f90000,0x0000000034090000)]
  0x00000000318ef000 JavaThread "WorkerExecutor Queue Thread 12" [_thread_blocked, id=3620, stack(0x0000000033e90000,0x0000000033f90000)]
  0x00000000318f2800 JavaThread "WorkerExecutor Queue Thread 11" [_thread_in_native, id=15944, stack(0x0000000033410000,0x0000000033510000)]
  0x000000002e4cb000 JavaThread "Cache worker for Java compile cache (D:\Github\Groupe-Synergys\android\.gradle\6.2\javaCompile)" [_thread_blocked, id=8584, stack(0x0000000033910000,0x0000000033a10000)]
  0x000000002e4c4000 JavaThread "Cache worker for Java compile cache (C:\Users\lyous\.gradle\caches\6.2\javaCompile)" [_thread_blocked, id=17132, stack(0x0000000033810000,0x0000000033910000)]
  0x000000002e4ca000 JavaThread "WorkerExecutor Queue Thread 5" [_thread_blocked, id=18320, stack(0x0000000033d90000,0x0000000033e90000)]
  0x000000002e4c5800 JavaThread "WorkerExecutor Queue Thread 3" [_thread_blocked, id=20168, stack(0x0000000033710000,0x0000000033810000)]
  0x0000000024256000 JavaThread "Cache worker for execution history cache (D:\Github\Groupe-Synergys\android\.gradle\6.2\executionHistory)" [_thread_blocked, id=10512, stack(0x000000002f6d0000,0x000000002f7d0000)]
  0x00000000257a9000 JavaThread "Execution worker for ':' Thread 7" [_thread_blocked, id=18384, stack(0x0000000033110000,0x0000000033210000)]
  0x00000000257a4800 JavaThread "Execution worker for ':' Thread 6" [_thread_blocked, id=14132, stack(0x0000000033010000,0x0000000033110000)]
  0x00000000257a6000 JavaThread "Execution worker for ':' Thread 5" [_thread_blocked, id=17476, stack(0x0000000032f10000,0x0000000033010000)]
  0x000000002579d000 JavaThread "Execution worker for ':' Thread 4" [_thread_blocked, id=10224, stack(0x0000000031d80000,0x0000000031e80000)]
  0x00000000257a3800 JavaThread "Execution worker for ':' Thread 3" [_thread_blocked, id=1596, stack(0x0000000031c80000,0x0000000031d80000)]
  0x000000002579c000 JavaThread "Execution worker for ':' Thread 2" [_thread_blocked, id=5296, stack(0x0000000031b80000,0x0000000031c80000)]
  0x00000000257a3000 JavaThread "Execution worker for ':'" [_thread_blocked, id=10920, stack(0x0000000030a10000,0x0000000030b10000)]
  0x00000000257a2000 JavaThread "Cache worker for file content cache (D:\Github\Groupe-Synergys\android\.gradle\6.2\fileContent)" [_thread_blocked, id=19068, stack(0x000000002f3d0000,0x000000002f4d0000)]
  0x000000002579a800 JavaThread "Cache worker for file content cache (C:\Users\lyous\.gradle\caches\6.2\fileContent)" [_thread_blocked, id=3112, stack(0x000000002f0d0000,0x000000002f1d0000)]
  0x000000002579f000 JavaThread "Cache worker for Build Output Cleanup Cache (D:\Github\Groupe-Synergys\android\.gradle\buildOutputCleanup)" [_thread_blocked, id=18608, stack(0x000000002ebd0000,0x000000002ecd0000)]
  0x0000000020a8d000 JavaThread "pool-2-thread-1" [_thread_blocked, id=7820, stack(0x000000002ab70000,0x000000002ac70000)]
  0x0000000020a8b800 JavaThread "Build operations Thread 8" [_thread_blocked, id=6012, stack(0x000000002a670000,0x000000002a770000)]
  0x0000000020a8c800 JavaThread "Build operations Thread 7" [_thread_blocked, id=18212, stack(0x0000000029f70000,0x000000002a070000)]
  0x0000000020a8b000 JavaThread "Build operations Thread 6" [_thread_blocked, id=3860, stack(0x0000000029e70000,0x0000000029f70000)]
  0x0000000020a8a000 JavaThread "Build operations Thread 5" [_thread_blocked, id=21112, stack(0x0000000029d70000,0x0000000029e70000)]
  0x0000000020a82800 JavaThread "Build operations Thread 4" [_thread_blocked, id=12688, stack(0x0000000029c70000,0x0000000029d70000)]
  0x0000000020a89800 JavaThread "Build operations Thread 3" [_thread_blocked, id=7800, stack(0x0000000029b70000,0x0000000029c70000)]
  0x0000000020a88800 JavaThread "Build operations Thread 2" [_thread_blocked, id=4456, stack(0x0000000029a70000,0x0000000029b70000)]
  0x0000000020a88000 JavaThread "Build operations" [_thread_blocked, id=19760, stack(0x0000000029970000,0x0000000029a70000)]
  0x0000000020a87000 JavaThread "Cache worker for cache directory md-rule (C:\Users\lyous\.gradle\caches\6.2\md-rule)" [_thread_blocked, id=16364, stack(0x0000000028080000,0x0000000028180000)]
  0x0000000020a85800 JavaThread "Cache worker for cache directory md-supplier (C:\Users\lyous\.gradle\caches\6.2\md-supplier)" [_thread_blocked, id=6784, stack(0x0000000027ad0000,0x0000000027bd0000)]
  0x0000000020a7f800 JavaThread "Cache worker for file hash cache (D:\Github\Groupe-Synergys\android\.gradle\6.2\fileHashes)" [_thread_blocked, id=10188, stack(0x00000000279d0000,0x0000000027ad0000)]
  0x0000000020a84000 JavaThread "Cache worker for checksums cache (D:\Github\Groupe-Synergys\android\.gradle\checksums)" [_thread_blocked, id=18936, stack(0x0000000026560000,0x0000000026660000)]
  0x0000000020a85000 JavaThread "Thread-42" [_thread_blocked, id=9748, stack(0x0000000026460000,0x0000000026560000)]
  0x0000000020a81000 JavaThread "Stdin handler" [_thread_blocked, id=13608, stack(0x00000000237c0000,0x00000000238c0000)]
  0x0000000020a86800 JavaThread "Asynchronous log dispatcher for DefaultDaemonConnection: socket connection from /127.0.0.1:50955 to /127.0.0.1:50991" [_thread_blocked, id=17652, stack(0x00000000236c0000,0x00000000237c0000)]
  0x0000000020a7e000 JavaThread "Daemon worker Thread 2" [_thread_blocked, id=20348, stack(0x00000000235c0000,0x00000000236c0000)]
  0x0000000020a83800 JavaThread "Cancel handler" [_thread_blocked, id=19524, stack(0x00000000232c0000,0x00000000233c0000)]
  0x0000000020a80800 JavaThread "Handler for socket connection from /127.0.0.1:50955 to /127.0.0.1:50991" [_thread_in_native, id=20584, stack(0x00000000231c0000,0x00000000232c0000)]
  0x0000000020a82000 JavaThread "Daemon Thread 2" [_thread_blocked, id=20356, stack(0x0000000000730000,0x0000000000830000)]
  0x00000000257a6800 JavaThread "Memory manager" [_thread_blocked, id=18464, stack(0x000000002b470000,0x000000002b570000)]
  0x0000000021d07800 JavaThread "Cache worker for execution history cache (C:\Users\lyous\.gradle\caches\6.2\executionHistory)" [_thread_blocked, id=19464, stack(0x00000000278d0000,0x00000000279d0000)]
  0x0000000021d06000 JavaThread "Cache worker for file hash cache (C:\Users\lyous\.gradle\caches\6.2\fileHashes)" [_thread_blocked, id=19460, stack(0x0000000023fc0000,0x00000000240c0000)]
  0x0000000021d03000 JavaThread "File lock request listener" [_thread_in_native, id=19704, stack(0x0000000023ec0000,0x0000000023fc0000)]
  0x0000000021d04800 JavaThread "Cache worker for journal cache (C:\Users\lyous\.gradle\caches\journal-1)" [_thread_blocked, id=20040, stack(0x0000000023dc0000,0x0000000023ec0000)]
  0x0000000021dd9800 JavaThread "Daemon periodic checks" [_thread_blocked, id=19604, stack(0x00000000230c0000,0x00000000231c0000)]
  0x0000000021dc5800 JavaThread "Incoming local TCP Connector on port 50955" [_thread_in_native, id=15636, stack(0x0000000022fc0000,0x00000000230c0000)]
  0x0000000021d6c800 JavaThread "Daemon health stats" [_thread_blocked, id=19800, stack(0x0000000022980000,0x0000000022a80000)]
  0x000000001f1f9000 JavaThread "Service Thread" daemon [_thread_blocked, id=20592, stack(0x000000001fe70000,0x000000001ff70000)]
  0x000000001f17c000 JavaThread "C1 CompilerThread3" daemon [_thread_blocked, id=20372, stack(0x000000001fd70000,0x000000001fe70000)]
=>0x000000001f170800 JavaThread "C2 CompilerThread2" daemon [_thread_in_native, id=18596, stack(0x000000001fc70000,0x000000001fd70000)]
  0x000000001f16b800 JavaThread "C2 CompilerThread1" daemon [_thread_blocked, id=20156, stack(0x000000001fb70000,0x000000001fc70000)]
  0x000000001f166800 JavaThread "C2 CompilerThread0" daemon [_thread_blocked, id=18504, stack(0x000000001fa70000,0x000000001fb70000)]
  0x000000001f176000 JavaThread "Attach Listener" daemon [_thread_blocked, id=8596, stack(0x000000001f970000,0x000000001fa70000)]
  0x000000001f175000 JavaThread "Signal Dispatcher" daemon [_thread_blocked, id=19520, stack(0x000000001f870000,0x000000001f970000)]
  0x00000000025b9000 JavaThread "Finalizer" daemon [_thread_blocked, id=20604, stack(0x000000001f640000,0x000000001f740000)]
  0x000000001d37d800 JavaThread "Reference Handler" daemon [_thread_blocked, id=19884, stack(0x000000001f540000,0x000000001f640000)]
  0x00000000024c2800 JavaThread "main" [_thread_blocked, id=19584, stack(0x0000000002330000,0x0000000002430000)]

Other Threads:
  0x000000001d379000 VMThread [stack: 0x000000001f040000,0x000000001f140000] [id=19676]
  0x000000001f236800 WatcherThread [stack: 0x00000000200e0000,0x00000000201e0000] [id=5184]

VM state:not at safepoint (normal execution)

VM Mutex/Monitor currently owned by a thread: None

heap address: 0x00000006a0000000, size: 4608 MB, Compressed Oops mode: Zero based, Oop shift amount: 3
Narrow klass base: 0x0000000000000000, Narrow klass shift: 3
Compressed class space size: 1073741824 Address: 0x00000007c0000000

Heap:
 PSYoungGen      total 822272K, used 612789K [0x0000000760000000, 0x000000079ab80000, 0x00000007c0000000)
  eden space 701440K, 74% used [0x0000000760000000,0x000000077fcbfcd8,0x000000078ad00000)
  from space 120832K, 75% used [0x0000000792b80000,0x000000079852d878,0x000000079a180000)
  to   space 129536K, 0% used [0x000000078ad00000,0x000000078ad00000,0x0000000792b80000)
 ParOldGen       total 285696K, used 227480K [0x00000006a0000000, 0x00000006b1700000, 0x0000000760000000)
  object space 285696K, 79% used [0x00000006a0000000,0x00000006ade260a8,0x00000006b1700000)
 Metaspace       used 106321K, capacity 117174K, committed 117376K, reserved 1148928K
  class space    used 14143K, capacity 16969K, committed 17024K, reserved 1048576K

Card table byte_map: [0x0000000011980000,0x0000000012290000] byte_map_base: 0x000000000e480000

Marking Bits: (ParMarkBitMap*) 0x0000000074726d90
 Begin Bits: [0x0000000013090000, 0x0000000017890000)
 End Bits:   [0x0000000017890000, 0x000000001c090000)

Polling page: 0x0000000000b20000

CodeCache: size=245760Kb used=79916Kb max_used=80185Kb free=165843Kb
 bounds [0x00000000025c0000, 0x0000000007490000, 0x00000000115c0000]
 total_blobs=21960 nmethods=21019 adapters=851
 compilation: enabled

Compilation events (10 events):
Event: 230.137 Thread 0x000000001f17c000 27162       3       com.google.common.util.concurrent.SettableFuture::<init> (5 bytes)
Event: 230.138 Thread 0x000000001f17c000 nmethod 27162 0x0000000003ae0090 code [0x0000000003ae0200, 0x0000000003ae04d0]
Event: 230.138 Thread 0x000000001f17c000 27163       3       com.google.common.util.concurrent.AbstractFuture$TrustedFuture::<init> (5 bytes)
Event: 230.138 Thread 0x000000001f17c000 nmethod 27163 0x00000000053f3050 code [0x00000000053f31c0, 0x00000000053f3430]
Event: 230.138 Thread 0x000000001f17c000 27164       3       com.google.common.util.concurrent.AbstractFuture::<init> (5 bytes)
Event: 230.138 Thread 0x000000001f17c000 nmethod 27164 0x0000000002b85810 code [0x0000000002b85980, 0x0000000002b85b90]
Event: 230.138 Thread 0x000000001f17c000 27165       3       com.google.common.util.concurrent.internal.InternalFutureFailureAccess::<init> (5 bytes)
Event: 230.138 Thread 0x000000001f17c000 nmethod 27165 0x0000000002b85450 code [0x0000000002b855a0, 0x0000000002b85750]
Event: 230.162 Thread 0x000000001f17c000 27166       3       com.google.common.util.concurrent.AbstractFuture::getDoneValue (55 bytes)
Event: 230.163 Thread 0x000000001f17c000 nmethod 27166 0x00000000056e1890 code [0x00000000056e1a60, 0x00000000056e2308]

GC Heap History (10 events):
Event: 175.676 GC heap before
{Heap before GC invocations=25 (full 5):
 PSYoungGen      total 553472K, used 537049K [0x0000000760000000, 0x000000078c780000, 0x00000007c0000000)
  eden space 470016K, 100% used [0x0000000760000000,0x000000077cb00000,0x000000077cb00000)
  from space 83456K, 80% used [0x000000077cb00000,0x0000000780c764d8,0x0000000781c80000)
  to   space 91136K, 0% used [0x0000000786e80000,0x0000000786e80000,0x000000078c780000)
 ParOldGen       total 285696K, used 227440K [0x00000006a0000000, 0x00000006b1700000, 0x0000000760000000)
  object space 285696K, 79% used [0x00000006a0000000,0x00000006ade1c0a8,0x00000006b1700000)
 Metaspace       used 99173K, capacity 109636K, committed 109824K, reserved 1142784K
  class space    used 13254K, capacity 16017K, committed 16128K, reserved 1048576K
Event: 175.781 GC heap after
Heap after GC invocations=25 (full 5):
 PSYoungGen      total 631296K, used 65887K [0x0000000760000000, 0x000000078d480000, 0x00000007c0000000)
  eden space 540160K, 0% used [0x0000000760000000,0x0000000760000000,0x0000000780f80000)
  from space 91136K, 72% used [0x0000000786e80000,0x000000078aed7ee8,0x000000078c780000)
  to   space 97280K, 0% used [0x0000000780f80000,0x0000000780f80000,0x0000000786e80000)
 ParOldGen       total 285696K, used 227448K [0x00000006a0000000, 0x00000006b1700000, 0x0000000760000000)
  object space 285696K, 79% used [0x00000006a0000000,0x00000006ade1e0a8,0x00000006b1700000)
 Metaspace       used 99173K, capacity 109636K, committed 109824K, reserved 1142784K
  class space    used 13254K, capacity 16017K, committed 16128K, reserved 1048576K
}
Event: 182.332 GC heap before
{Heap before GC invocations=26 (full 5):
 PSYoungGen      total 631296K, used 605558K [0x0000000760000000, 0x000000078d480000, 0x00000007c0000000)
  eden space 540160K, 99% used [0x0000000760000000,0x0000000780f05ae8,0x0000000780f80000)
  from space 91136K, 72% used [0x0000000786e80000,0x000000078aed7ee8,0x000000078c780000)
  to   space 97280K, 0% used [0x0000000780f80000,0x0000000780f80000,0x0000000786e80000)
 ParOldGen       total 285696K, used 227448K [0x00000006a0000000, 0x00000006b1700000, 0x0000000760000000)
  object space 285696K, 79% used [0x00000006a0000000,0x00000006ade1e0a8,0x00000006b1700000)
 Metaspace       used 99569K, capacity 110128K, committed 110336K, reserved 1142784K
  class space    used 13269K, capacity 16049K, committed 16128K, reserved 1048576K
Event: 182.398 GC heap after
Heap after GC invocations=26 (full 5):
 PSYoungGen      total 637440K, used 66578K [0x0000000760000000, 0x0000000792a00000, 0x00000007c0000000)
  eden space 540160K, 0% used [0x0000000760000000,0x0000000760000000,0x0000000780f80000)
  from space 97280K, 68% used [0x0000000780f80000,0x00000007850848e8,0x0000000786e80000)
  to   space 101888K, 0% used [0x000000078c680000,0x000000078c680000,0x0000000792a00000)
 ParOldGen       total 285696K, used 227456K [0x00000006a0000000, 0x00000006b1700000, 0x0000000760000000)
  object space 285696K, 79% used [0x00000006a0000000,0x00000006ade200a8,0x00000006b1700000)
 Metaspace       used 99569K, capacity 110128K, committed 110336K, reserved 1142784K
  class space    used 13269K, capacity 16049K, committed 16128K, reserved 1048576K
}
Event: 193.014 GC heap before
{Heap before GC invocations=27 (full 5):
 PSYoungGen      total 637440K, used 606738K [0x0000000760000000, 0x0000000792a00000, 0x00000007c0000000)
  eden space 540160K, 100% used [0x0000000760000000,0x0000000780f80000,0x0000000780f80000)
  from space 97280K, 68% used [0x0000000780f80000,0x00000007850848e8,0x0000000786e80000)
  to   space 101888K, 0% used [0x000000078c680000,0x000000078c680000,0x0000000792a00000)
 ParOldGen       total 285696K, used 227456K [0x00000006a0000000, 0x00000006b1700000, 0x0000000760000000)
  object space 285696K, 79% used [0x00000006a0000000,0x00000006ade200a8,0x00000006b1700000)
 Metaspace       used 99881K, capacity 110448K, committed 110592K, reserved 1144832K
  class space    used 13272K, capacity 16049K, committed 16128K, reserved 1048576K
Event: 193.091 GC heap after
Heap after GC invocations=27 (full 5):
 PSYoungGen      total 720384K, used 76686K [0x0000000760000000, 0x0000000793200000, 0x00000007c0000000)
  eden space 618496K, 0% used [0x0000000760000000,0x0000000760000000,0x0000000785c00000)
  from space 101888K, 75% used [0x000000078c680000,0x00000007911638d8,0x0000000792a00000)
  to   space 109056K, 0% used [0x0000000785c00000,0x0000000785c00000,0x000000078c680000)
 ParOldGen       total 285696K, used 227464K [0x00000006a0000000, 0x00000006b1700000, 0x0000000760000000)
  object space 285696K, 79% used [0x00000006a0000000,0x00000006ade220a8,0x00000006b1700000)
 Metaspace       used 99881K, capacity 110448K, committed 110592K, reserved 1144832K
  class space    used 13272K, capacity 16049K, committed 16128K, reserved 1048576K
}
Event: 201.932 GC heap before
{Heap before GC invocations=28 (full 5):
 PSYoungGen      total 720384K, used 695182K [0x0000000760000000, 0x0000000793200000, 0x00000007c0000000)
  eden space 618496K, 100% used [0x0000000760000000,0x0000000785c00000,0x0000000785c00000)
  from space 101888K, 75% used [0x000000078c680000,0x00000007911638d8,0x0000000792a00000)
  to   space 109056K, 0% used [0x0000000785c00000,0x0000000785c00000,0x000000078c680000)
 ParOldGen       total 285696K, used 227464K [0x00000006a0000000, 0x00000006b1700000, 0x0000000760000000)
  object space 285696K, 79% used [0x00000006a0000000,0x00000006ade220a8,0x00000006b1700000)
 Metaspace       used 100089K, capacity 110600K, committed 110848K, reserved 1144832K
  class space    used 13272K, capacity 16049K, committed 16128K, reserved 1048576K
Event: 202.035 GC heap after
Heap after GC invocations=28 (full 5):
 PSYoungGen      total 727552K, used 94177K [0x0000000760000000, 0x000000079a180000, 0x00000007c0000000)
  eden space 618496K, 0% used [0x0000000760000000,0x0000000760000000,0x0000000785c00000)
  from space 109056K, 86% used [0x0000000785c00000,0x000000078b7f8400,0x000000078c680000)
  to   space 120832K, 0% used [0x0000000792b80000,0x0000000792b80000,0x000000079a180000)
 ParOldGen       total 285696K, used 227472K [0x00000006a0000000, 0x00000006b1700000, 0x0000000760000000)
  object space 285696K, 79% used [0x00000006a0000000,0x00000006ade240a8,0x00000006b1700000)
 Metaspace       used 100089K, capacity 110600K, committed 110848K, reserved 1144832K
  class space    used 13272K, capacity 16049K, committed 16128K, reserved 1048576K
}
Event: 220.351 GC heap before
{Heap before GC invocations=29 (full 5):
 PSYoungGen      total 727552K, used 712673K [0x0000000760000000, 0x000000079a180000, 0x00000007c0000000)
  eden space 618496K, 100% used [0x0000000760000000,0x0000000785c00000,0x0000000785c00000)
  from space 109056K, 86% used [0x0000000785c00000,0x000000078b7f8400,0x000000078c680000)
  to   space 120832K, 0% used [0x0000000792b80000,0x0000000792b80000,0x000000079a180000)
 ParOldGen       total 285696K, used 227472K [0x00000006a0000000, 0x00000006b1700000, 0x0000000760000000)
  object space 285696K, 79% used [0x00000006a0000000,0x00000006ade240a8,0x00000006b1700000)
 Metaspace       used 105521K, capacity 116420K, committed 116480K, reserved 1148928K
  class space    used 14063K, capacity 16883K, committed 16896K, reserved 1048576K
Event: 220.460 GC heap after
Heap after GC invocations=29 (full 5):
 PSYoungGen      total 822272K, used 91830K [0x0000000760000000, 0x000000079ab80000, 0x00000007c0000000)
  eden space 701440K, 0% used [0x0000000760000000,0x0000000760000000,0x000000078ad00000)
  from space 120832K, 75% used [0x0000000792b80000,0x000000079852d878,0x000000079a180000)
  to   space 129536K, 0% used [0x000000078ad00000,0x000000078ad00000,0x0000000792b80000)
 ParOldGen       total 285696K, used 227480K [0x00000006a0000000, 0x00000006b1700000, 0x0000000760000000)
  object space 285696K, 79% used [0x00000006a0000000,0x00000006ade260a8,0x00000006b1700000)
 Metaspace       used 105521K, capacity 116420K, committed 116480K, reserved 1148928K
  class space    used 14063K, capacity 16883K, committed 16896K, reserved 1048576K
}

Deoptimization events (10 events):
Event: 229.433 Thread 0x00000000257a9000 Uncommon trap: reason=unstable_if action=reinterpret pc=0x00000000061104c4 method=com.google.gson.stream.JsonWriter.string(Ljava/lang/String;)V @ 4
Event: 229.602 Thread 0x00000000257a9000 Uncommon trap: reason=bimorphic action=maybe_recompile pc=0x0000000006d806e8 method=com.sun.org.apache.xerces.internal.dom.ElementImpl.getAttributes()Lorg/w3c/dom/NamedNodeMap; @ 8
Event: 229.602 Thread 0x00000000257a9000 Uncommon trap: reason=bimorphic action=maybe_recompile pc=0x0000000006d806e8 method=com.sun.org.apache.xerces.internal.dom.ElementImpl.getAttributes()Lorg/w3c/dom/NamedNodeMap; @ 8
Event: 229.602 Thread 0x00000000257a9000 Uncommon trap: reason=bimorphic action=maybe_recompile pc=0x0000000006d806e8 method=com.sun.org.apache.xerces.internal.dom.ElementImpl.getAttributes()Lorg/w3c/dom/NamedNodeMap; @ 8
Event: 229.602 Thread 0x00000000257a9000 Uncommon trap: reason=bimorphic action=maybe_recompile pc=0x0000000006d806e8 method=com.sun.org.apache.xerces.internal.dom.ElementImpl.getAttributes()Lorg/w3c/dom/NamedNodeMap; @ 8
Event: 229.642 Thread 0x00000000257a9000 Uncommon trap: reason=unstable_if action=reinterpret pc=0x00000000073e3b3c method=sun.nio.cs.UTF_8$Encoder.encodeArrayLoop(Ljava/nio/CharBuffer;Ljava/nio/ByteBuffer;)Ljava/nio/charset/CoderResult; @ 175
Event: 229.643 Thread 0x00000000257a9000 Uncommon trap: reason=unstable_if action=reinterpret pc=0x00000000073afb98 method=sun.nio.cs.UTF_8$Encoder.encodeArrayLoop(Ljava/nio/CharBuffer;Ljava/nio/ByteBuffer;)Ljava/nio/charset/CoderResult; @ 400
Event: 229.674 Thread 0x00000000257a9000 Uncommon trap: reason=unstable_if action=reinterpret pc=0x00000000070dd494 method=java.io.ObjectOutputStream$ReplaceTable.lookup(Ljava/lang/Object;)Ljava/lang/Object; @ 10
Event: 229.681 Thread 0x00000000318f2800 Uncommon trap: reason=unstable_if action=reinterpret pc=0x00000000053cac84 method=org.gradle.internal.logging.slf4j.OutputEventListenerBackedLoggerContext.getLogger(Ljava/lang/String;)Lorg/slf4j/Logger; @ 48
Event: 229.692 Thread 0x00000000257a3000 Uncommon trap: reason=unstable_if action=reinterpret pc=0x000000000553daf4 method=org.gradle.execution.plan.DefaultExecutionPlan.tryAcquireLocksForNode(Lorg/gradle/execution/plan/Node;Lorg/gradle/internal/work/WorkerLeaseRegistry$WorkerLease;Lorg/gradle/e

Classes redefined (0 events):
No events

Internal exceptions (10 events):
Event: 226.771 Thread 0x00000000257a9000 Exception <a 'java/lang/NoSuchMethodError': java.lang.Object.lambda$codePoints$1()Ljava/util/Spliterator$OfInt;> (0x0000000772934c08) thrown at [C:\re\workspace\8-2-build-windows-amd64-cygwin\jdk8u231\13620\hotspot\src\share\vm\interpreter\linkResolver.cp
Event: 228.099 Thread 0x00000000318f5000 Exception <a 'sun/nio/fs/WindowsException'> (0x000000076a4b40c0) thrown at [C:\re\workspace\8-2-build-windows-amd64-cygwin\jdk8u231\13620\hotspot\src\share\vm\prims\jni.cpp, line 710]
Event: 228.358 Thread 0x00000000257a9000 Implicit null exception at 0x00000000072e6bfe to 0x00000000072e7251
Event: 228.643 Thread 0x00000000257a9000 Implicit null exception at 0x000000000730ed18 to 0x000000000730fa55
Event: 228.854 Thread 0x00000000257a9000 Implicit null exception at 0x00000000072be00a to 0x00000000072be608
Event: 229.067 Thread 0x00000000257a9000 Implicit null exception at 0x00000000073b6493 to 0x00000000073b8eed
Event: 229.663 Thread 0x00000000257a9000 Exception <a 'java/lang/NoSuchMethodError': <clinit>> (0x000000077e052820) thrown at [C:\re\workspace\8-2-build-windows-amd64-cygwin\jdk8u231\13620\hotspot\src\share\vm\prims\jni.cpp, line 1614]
Event: 229.664 Thread 0x00000000257a9000 Exception <a 'java/lang/NoSuchMethodError': <clinit>> (0x000000077e06dc40) thrown at [C:\re\workspace\8-2-build-windows-amd64-cygwin\jdk8u231\13620\hotspot\src\share\vm\prims\jni.cpp, line 1614]
Event: 229.664 Thread 0x00000000257a9000 Exception <a 'java/lang/NoSuchMethodError': <clinit>> (0x000000077e072b28) thrown at [C:\re\workspace\8-2-build-windows-amd64-cygwin\jdk8u231\13620\hotspot\src\share\vm\prims\jni.cpp, line 1614]
Event: 229.664 Thread 0x00000000257a9000 Exception <a 'java/lang/NoSuchMethodError': <clinit>> (0x000000077e083020) thrown at [C:\re\workspace\8-2-build-windows-amd64-cygwin\jdk8u231\13620\hotspot\src\share\vm\prims\jni.cpp, line 1614]

Events (10 events):
Event: 230.137 loading class com/android/builder/internal/aapt/v2/Aapt2DaemonUtil
Event: 230.137 loading class com/android/builder/internal/aapt/v2/Aapt2DaemonUtil done
Event: 230.137 loading class com/android/builder/internal/aapt/AaptException
Event: 230.137 loading class com/android/builder/internal/aapt/AaptException done
Event: 230.138 loading class com/android/builder/internal/aapt/v2/AaptV2CommandBuilder
Event: 230.138 loading class com/android/builder/internal/aapt/v2/AaptV2CommandBuilder done
Event: 230.161 loading class com/android/builder/internal/aapt/v2/Aapt2DaemonImpl$WaitForTaskCompletion$Result$Succeeded
Event: 230.161 loading class com/android/builder/internal/aapt/v2/Aapt2DaemonImpl$WaitForTaskCompletion$Result$Succeeded done
Event: 230.161 loading class com/android/builder/internal/aapt/v2/Aapt2DaemonImpl$WaitForTaskCompletion$Result
Event: 230.161 loading class com/android/builder/internal/aapt/v2/Aapt2DaemonImpl$WaitForTaskCompletion$Result done


Dynamic libraries:
0x00007ff6d1940000 - 0x00007ff6d1977000 	C:\Program Files\Java\jdk1.8.0_231\bin\java.exe
0x00007ffcf1db0000 - 0x00007ffcf1fa5000 	C:\WINDOWS\SYSTEM32\ntdll.dll
0x00007ffcf0740000 - 0x00007ffcf07fe000 	C:\WINDOWS\System32\KERNEL32.DLL
0x00007ffcefb30000 - 0x00007ffcefdf8000 	C:\WINDOWS\System32\KERNELBASE.dll
0x00007ffcf18f0000 - 0x00007ffcf199e000 	C:\WINDOWS\System32\ADVAPI32.dll
0x00007ffcf0ef0000 - 0x00007ffcf0f8e000 	C:\WINDOWS\System32\msvcrt.dll
0x00007ffcf0870000 - 0x00007ffcf090c000 	C:\WINDOWS\System32\sechost.dll
0x00007ffcf0c70000 - 0x00007ffcf0d95000 	C:\WINDOWS\System32\RPCRT4.dll
0x00007ffcf0fa0000 - 0x00007ffcf1140000 	C:\WINDOWS\System32\USER32.dll
0x00007ffcef8c0000 - 0x00007ffcef8e2000 	C:\WINDOWS\System32\win32u.dll
0x00007ffcefe60000 - 0x00007ffcefe8b000 	C:\WINDOWS\System32\GDI32.dll
0x00007ffcef5c0000 - 0x00007ffcef6cd000 	C:\WINDOWS\System32\gdi32full.dll
0x00007ffcef820000 - 0x00007ffcef8bd000 	C:\WINDOWS\System32\msvcp_win.dll
0x00007ffcef6d0000 - 0x00007ffcef7d0000 	C:\WINDOWS\System32\ucrtbase.dll
0x00007ffccfce0000 - 0x00007ffccff7a000 	C:\WINDOWS\WinSxS\amd64_microsoft.windows.common-controls_6595b64144ccf1df_6.0.19041.1110_none_60b5254171f9507e\COMCTL32.dll
0x00007ffcf1c10000 - 0x00007ffcf1c40000 	C:\WINDOWS\System32\IMM32.DLL
0x0000000074ff0000 - 0x00000000750c2000 	C:\Program Files\Java\jdk1.8.0_231\jre\bin\msvcr100.dll
0x0000000073f00000 - 0x00000000747a6000 	C:\Program Files\Java\jdk1.8.0_231\jre\bin\server\jvm.dll
0x00007ffcf0860000 - 0x00007ffcf0868000 	C:\WINDOWS\System32\PSAPI.DLL
0x00007ffcea8c0000 - 0x00007ffcea8c9000 	C:\WINDOWS\SYSTEM32\WSOCK32.dll
0x00007ffccff80000 - 0x00007ffccffa7000 	C:\WINDOWS\SYSTEM32\WINMM.dll
0x00007ffce8400000 - 0x00007ffce840a000 	C:\WINDOWS\SYSTEM32\VERSION.dll
0x00007ffcf0da0000 - 0x00007ffcf0e0b000 	C:\WINDOWS\System32\WS2_32.dll
0x00007ffcea900000 - 0x00007ffcea90f000 	C:\Program Files\Java\jdk1.8.0_231\jre\bin\verify.dll
0x00007ffce73a0000 - 0x00007ffce73c9000 	C:\Program Files\Java\jdk1.8.0_231\jre\bin\java.dll
0x00007ffce7b30000 - 0x00007ffce7b46000 	C:\Program Files\Java\jdk1.8.0_231\jre\bin\zip.dll
0x00007ffceff70000 - 0x00007ffcf06b4000 	C:\WINDOWS\System32\SHELL32.dll
0x00007ffced2b0000 - 0x00007ffceda44000 	C:\WINDOWS\SYSTEM32\windows.storage.dll
0x00007ffcf0910000 - 0x00007ffcf0c65000 	C:\WINDOWS\System32\combase.dll
0x00007ffceef10000 - 0x00007ffceef3e000 	C:\WINDOWS\SYSTEM32\Wldp.dll
0x00007ffcf1840000 - 0x00007ffcf18ed000 	C:\WINDOWS\System32\SHCORE.dll
0x00007ffcf19a0000 - 0x00007ffcf19f5000 	C:\WINDOWS\System32\shlwapi.dll
0x00007ffcef400000 - 0x00007ffcef41f000 	C:\WINDOWS\SYSTEM32\profapi.dll
0x00007ffce7ae0000 - 0x00007ffce7afa000 	C:\Program Files\Java\jdk1.8.0_231\jre\bin\net.dll
0x00007ffceec70000 - 0x00007ffceecda000 	C:\WINDOWS\system32\mswsock.dll
0x00007ffcc8ce0000 - 0x00007ffcc8cf2000 	C:\Program Files\Java\jdk1.8.0_231\jre\bin\nio.dll
0x00007ffcb4c60000 - 0x00007ffcb4c8a000 	C:\Users\lyous\.gradle\native\36\windows-amd64\native-platform.dll
0x00007ffcea880000 - 0x00007ffcea88d000 	C:\Program Files\Java\jdk1.8.0_231\jre\bin\management.dll
0x00007ffceee60000 - 0x00007ffceee78000 	C:\WINDOWS\SYSTEM32\CRYPTSP.dll
0x00007ffcee520000 - 0x00007ffcee554000 	C:\WINDOWS\system32\rsaenh.dll
0x00007ffcef8f0000 - 0x00007ffcef917000 	C:\WINDOWS\System32\bcrypt.dll
0x00007ffcef3c0000 - 0x00007ffcef3ee000 	C:\WINDOWS\SYSTEM32\USERENV.dll
0x00007ffcef4c0000 - 0x00007ffcef542000 	C:\WINDOWS\System32\bcryptprimitives.dll
0x00007ffceee80000 - 0x00007ffceee8c000 	C:\WINDOWS\SYSTEM32\CRYPTBASE.dll
0x00007ffcee910000 - 0x00007ffcee94b000 	C:\WINDOWS\SYSTEM32\IPHLPAPI.DLL
0x00007ffcf0f90000 - 0x00007ffcf0f98000 	C:\WINDOWS\System32\NSI.dll
0x00007ffce6c30000 - 0x00007ffce6c47000 	C:\WINDOWS\SYSTEM32\dhcpcsvc6.DLL
0x00007ffce6ae0000 - 0x00007ffce6afd000 	C:\WINDOWS\SYSTEM32\dhcpcsvc.DLL
0x00007ffcee960000 - 0x00007ffceea2b000 	C:\WINDOWS\SYSTEM32\DNSAPI.dll
0x00007ffccafa0000 - 0x00007ffccafc4000 	C:\Program Files\Java\jdk1.8.0_231\jre\bin\sunec.dll
0x00007ffce4b70000 - 0x00007ffce4b7a000 	C:\Windows\System32\rasadhlp.dll
0x00007ffcde7a0000 - 0x00007ffcde81f000 	C:\WINDOWS\System32\fwpuclnt.dll
0x00007ffcead80000 - 0x00007ffcead8b000 	C:\Program Files\Java\jdk1.8.0_231\jre\bin\sunmscapi.dll
0x00007ffcef920000 - 0x00007ffcefa76000 	C:\WINDOWS\System32\CRYPT32.dll
0x00007ffcee1b0000 - 0x00007ffcee1e3000 	C:\WINDOWS\SYSTEM32\ntmarta.dll
0x00007ffccb040000 - 0x00007ffccb05e000 	C:\Users\lyous\AppData\Local\Temp\native-platform886938272144154824dir\native-platform.dll

VM Arguments:
jvm_args: -Xmx4608m -Dfile.encoding=windows-1252 -Duser.country=FR -Duser.language=fr -Duser.variant 
java_command: org.gradle.launcher.daemon.bootstrap.GradleDaemon 6.2
java_class_path (initial): C:\Users\lyous\.gradle\wrapper\dists\gradle-6.2-all\dvufqs6kielxeao781pmk5huj\gradle-6.2\lib\gradle-launcher-6.2.jar
Launcher Type: SUN_STANDARD

Environment Variables:
JAVA_HOME=C:\Program Files\Java\jdk1.8.0_231
CLASSPATH=D:\Github\Groupe-Synergys\android\\gradle\wrapper\gradle-wrapper.jar
PATH=D:\Github\Groupe-Synergys\android\node_modules\.bin;D:\Github\Groupe-Synergys\node_modules\.bin;D:\Github\node_modules\.bin;D:\node_modules\.bin;C:\Program Files\nodejs;D:\Github\Groupe-Synergys\node_modules\.bin;C:\Python27\;C:\Python27\Scripts;C:\windows\system32;C:\windows;C:\windows\System32\Wbem;C:\windows\System32\WindowsPowerShell\v1.0\;C:\windows\System32\OpenSSH\;C:\Program Files (x86)\NVIDIA Corporation\PhysX\Common;C:\Program Files\NVIDIA Corporation\NVIDIA NvDLISR;C:\ProgramData\chocolatey\bin;C:\Program Files\Java\jdk1.8.0_231\bin;C:\Program Files (x86)\Windows Live\Shared;C:\Users\lyous\AppData\Roaming\nvm;C:\Program Files\nodejs;C:\WINDOWS\system32;C:\WINDOWS;C:\WINDOWS\System32\Wbem;C:\WINDOWS\System32\WindowsPowerShell\v1.0\;C:\WINDOWS\System32\OpenSSH\;C:\Program Files\Git\cmd;C:\Users\lyous\AppData\Local\Microsoft\WindowsApps;C:\Users\lyous\AppData\Roaming\npm;C:\Users\lyous\AppData\Local\Android\Sdk\platform-tools;C:\Users\lyous\AppData\Local\Programs\Microsoft VS Code\bin;C:\Users\lyous\AppData\Local\GitHubDesktop\bin;C:\Program Files\Git\bin\;C:\Program Files\Git\cmd\;C:\Users\lyous\AppData\Roaming\nvm;C:\Program Files\nodejs;C:\Users\lyous\AppData\Local\Microsoft\WindowsApps;
USERNAME=lyous
OS=Windows_NT
PROCESSOR_IDENTIFIER=Intel64 Family 6 Model 158 Stepping 10, GenuineIntel



---------------  S Y S T E M  ---------------

OS: Windows 10.0 , 64 bit Build 19041 (10.0.19041.1503)

CPU:total 8 (initial active 8) (4 cores per cpu, 2 threads per core) family 6 model 158 stepping 10, cmov, cx8, fxsr, mmx, sse, sse2, sse3, ssse3, sse4.1, sse4.2, popcnt, avx, avx2, aes, clmul, erms, 3dnowpref, lzcnt, ht, tsc, tscinvbit, bmi1, bmi2, adx

Memory: 4k page, physical 8192128k(265720k free), swap 12542032k(5328k free)

vm_info: Java HotSpot(TM) 64-Bit Server VM (25.231-b11) for windows-amd64 JRE (1.8.0_231-b11), built on Oct  5 2019 03:11:30 by "java_re" with MS VC++ 10.0 (VS2010)

time: Fri Apr 01 09:09:32 2022
timezone: Maroc
elapsed time: 230 seconds (0d 0h 3m 50s)

