#
# There is insufficient memory for the Java Runtime Environment to continue.
# Native memory allocation (malloc) failed to allocate 32744 bytes for ChunkPool::allocate
# Possible reasons:
#   The system is out of physical RAM or swap space
#   The process is running with CompressedOops enabled, and the Java Heap may be blocking the growth of the native heap
# Possible solutions:
#   Reduce memory load on the system
#   Increase physical memory or swap space
#   Check if swap backing store is full
#   Decrease Java heap size (-Xmx/-Xms)
#   Decrease number of Java threads
#   Decrease Java thread stack sizes (-Xss)
#   Set larger code cache with -XX:ReservedCodeCacheSize=
#   JVM is running with Zero Based Compressed Oops mode in which the Java heap is
#     placed in the first 32GB address space. The Java Heap base address is the
#     maximum limit for the native heap growth. Please use -XX:HeapBaseMinAddress
#     to set the Java Heap base and to place the Java Heap above 32GB virtual address.
# This output file may be truncated or incomplete.
#
#  Out of Memory Error (allocation.cpp:272), pid=308, tid=0x000000000000117c
#
# JRE version: Java(TM) SE Runtime Environment (8.0_231-b11) (build 1.8.0_231-b11)
# Java VM: Java HotSpot(TM) 64-Bit Server VM (25.231-b11 mixed mode windows-amd64 compressed oops)
# Failed to write core dump. Minidumps are not enabled by default on client versions of Windows
#

---------------  T H R E A D  ---------------

Current thread (0x0000000020090800):  JavaThread "C2 CompilerThread2" daemon [_thread_in_native, id=4476, stack(0x0000000020b80000,0x0000000020c80000)]

Stack: [0x0000000020b80000,0x0000000020c80000]
[error occurred during error reporting (printing stack bounds), id 0xc0000005]

Native frames: (J=compiled Java code, j=interpreted, Vv=VM code, C=native code)


Current CompileTask:
C2:  92771 7114   !   4       org.codehaus.groovy.antlr.parser.GroovyLexer::nextToken (2683 bytes)


---------------  P R O C E S S  ---------------

Java Threads: ( => current thread )
  0x000000002a097000 JavaThread "Cache worker for Build Output Cleanup Cache (D:\Github\Groupe-Synergys\android\.gradle\buildOutputCleanup)" [_thread_blocked, id=11780, stack(0x000000002bec0000,0x000000002bfc0000)]
  0x000000002a09d800 JavaThread "pool-1-thread-1" [_thread_blocked, id=19008, stack(0x00000000013d0000,0x00000000014d0000)]
  0x000000002a09a000 JavaThread "Build operations Thread 8" [_thread_blocked, id=14316, stack(0x000000002b2c0000,0x000000002b3c0000)]
  0x000000002a09b800 JavaThread "Build operations Thread 7" [_thread_blocked, id=3256, stack(0x000000002b1c0000,0x000000002b2c0000)]
  0x000000002a099000 JavaThread "Build operations Thread 6" [_thread_blocked, id=8300, stack(0x000000002b0c0000,0x000000002b1c0000)]
  0x000000002a098800 JavaThread "Build operations Thread 5" [_thread_blocked, id=19436, stack(0x000000002afc0000,0x000000002b0c0000)]
  0x000000002a09a800 JavaThread "Build operations Thread 4" [_thread_blocked, id=19296, stack(0x000000002aec0000,0x000000002afc0000)]
  0x000000002a09d000 JavaThread "Build operations Thread 3" [_thread_blocked, id=19440, stack(0x000000002adc0000,0x000000002aec0000)]
  0x000000002a095800 JavaThread "Build operations Thread 2" [_thread_blocked, id=19444, stack(0x000000002acc0000,0x000000002adc0000)]
  0x000000002a097800 JavaThread "Build operations" [_thread_blocked, id=19448, stack(0x000000002abc0000,0x000000002acc0000)]
  0x0000000021608000 JavaThread "Cache worker for execution history cache (C:\Users\lyous\.gradle\caches\6.2\executionHistory)" [_thread_blocked, id=1996, stack(0x00000000287a0000,0x00000000288a0000)]
  0x000000002160f000 JavaThread "Cache worker for cache directory md-rule (C:\Users\lyous\.gradle\caches\6.2\md-rule)" [_thread_blocked, id=8836, stack(0x0000000027470000,0x0000000027570000)]
  0x0000000021609800 JavaThread "Cache worker for cache directory md-supplier (C:\Users\lyous\.gradle\caches\6.2\md-supplier)" [_thread_blocked, id=10944, stack(0x0000000027170000,0x0000000027270000)]
  0x000000002160c000 JavaThread "Cache worker for file hash cache (D:\Github\Groupe-Synergys\android\.gradle\6.2\fileHashes)" [_thread_blocked, id=464, stack(0x00000000286a0000,0x00000000287a0000)]
  0x000000002160e000 JavaThread "Cache worker for checksums cache (D:\Github\Groupe-Synergys\android\.gradle\checksums)" [_thread_blocked, id=10364, stack(0x00000000275d0000,0x00000000276d0000)]
  0x000000002160c800 JavaThread "Cache worker for file hash cache (C:\Users\lyous\.gradle\caches\6.2\fileHashes)" [_thread_blocked, id=7884, stack(0x0000000024ed0000,0x0000000024fd0000)]
  0x000000002160a800 JavaThread "File lock request listener" [_thread_in_native, id=10140, stack(0x0000000024dd0000,0x0000000024ed0000)]
  0x0000000021609000 JavaThread "Cache worker for journal cache (C:\Users\lyous\.gradle\caches\journal-1)" [_thread_blocked, id=7108, stack(0x0000000024cd0000,0x0000000024dd0000)]
  0x0000000022d71800 JavaThread "Thread-9" [_thread_blocked, id=18292, stack(0x00000000249d0000,0x0000000024ad0000)]
  0x0000000022d6e800 JavaThread "Stdin handler" [_thread_blocked, id=15260, stack(0x00000000248d0000,0x00000000249d0000)]
  0x0000000022d6e000 JavaThread "Asynchronous log dispatcher for DefaultDaemonConnection: socket connection from /127.0.0.1:52695 to /127.0.0.1:52696" [_thread_blocked, id=12460, stack(0x00000000246d0000,0x00000000247d0000)]
  0x0000000022d6b800 JavaThread "Daemon worker" [_thread_in_Java, id=8492, stack(0x00000000245d0000,0x00000000246d0000)]
  0x0000000022d74800 JavaThread "Cancel handler" [_thread_blocked, id=14440, stack(0x00000000244d0000,0x00000000245d0000)]
  0x0000000022dee000 JavaThread "Handler for socket connection from /127.0.0.1:52695 to /127.0.0.1:52696" [_thread_in_native, id=4088, stack(0x00000000241d0000,0x00000000242d0000)]
  0x0000000022ded800 JavaThread "Daemon" [_thread_blocked, id=12756, stack(0x00000000240d0000,0x00000000241d0000)]
  0x0000000022cf2000 JavaThread "Daemon periodic checks" [_thread_blocked, id=4916, stack(0x0000000023fd0000,0x00000000240d0000)]
  0x0000000022d75800 JavaThread "Incoming local TCP Connector on port 52695" [_thread_in_native, id=8180, stack(0x0000000023ed0000,0x0000000023fd0000)]
  0x0000000022c7e800 JavaThread "Daemon health stats" [_thread_blocked, id=14604, stack(0x0000000023890000,0x0000000023990000)]
  0x00000000200eb000 JavaThread "Service Thread" daemon [_thread_blocked, id=9820, stack(0x0000000020d80000,0x0000000020e80000)]
  0x000000002009b000 JavaThread "C1 CompilerThread3" daemon [_thread_in_native, id=5084, stack(0x0000000020c80000,0x0000000020d80000)]
=>0x0000000020090800 JavaThread "C2 CompilerThread2" daemon [_thread_in_native, id=4476, stack(0x0000000020b80000,0x0000000020c80000)]
  0x0000000020083800 JavaThread "C2 CompilerThread1" daemon [_thread_in_native, id=5184, stack(0x0000000020a80000,0x0000000020b80000)]
  0x000000002007d000 JavaThread "C2 CompilerThread0" daemon [_thread_in_native, id=5176, stack(0x0000000020980000,0x0000000020a80000)]
  0x000000002007c000 JavaThread "Attach Listener" daemon [_thread_blocked, id=2124, stack(0x0000000020880000,0x0000000020980000)]
  0x000000002007b000 JavaThread "Signal Dispatcher" daemon [_thread_blocked, id=4520, stack(0x0000000020780000,0x0000000020880000)]
  0x0000000020070800 JavaThread "Finalizer" daemon [_thread_blocked, id=14724, stack(0x0000000020550000,0x0000000020650000)]
  0x000000001e25d000 JavaThread "Reference Handler" daemon [_thread_blocked, id=14640, stack(0x0000000020450000,0x0000000020550000)]
  0x00000000033a2800 JavaThread "main" [_thread_blocked, id=15932, stack(0x00000000032a0000,0x00000000033a0000)]

Other Threads:
  0x000000001e259800 VMThread [stack: 0x000000001ff50000,0x0000000020050000] [id=18308]
  0x00000000200ee800 WatcherThread [stack: 0x0000000020ff0000,0x00000000210f0000] [id=17108]

VM state:not at safepoint (normal execution)

VM Mutex/Monitor currently owned by a thread: None

heap address: 0x00000006a0000000, size: 4608 MB, Compressed Oops mode: Zero based, Oop shift amount: 3
Narrow klass base: 0x0000000000000000, Narrow klass shift: 3
Compressed class space size: 1073741824 Address: 0x00000007c0000000

Heap:
 PSYoungGen      total 267264K, used 10239K [0x0000000760000000, 0x0000000778500000, 0x00000007c0000000)
  eden space 252416K, 4% used [0x0000000760000000,0x00000007609fff70,0x000000076f680000)
  from space 14848K, 0% used [0x000000076f680000,0x000000076f680000,0x0000000770500000)
  to   space 16384K, 0% used [0x0000000777500000,0x0000000777500000,0x0000000778500000)
 ParOldGen       total 67072K, used 40987K [0x00000006a0000000, 0x00000006a4180000, 0x0000000760000000)
  object space 67072K, 61% used [0x00000006a0000000,0x00000006a2806f20,0x00000006a4180000)
 Metaspace       used 56337K, capacity 58370K, committed 59096K, reserved 1099776K
  class space    used 7431K, capacity 7929K, committed 8192K, reserved 1048576K

Card table byte_map: [0x0000000012860000,0x0000000013170000] byte_map_base: 0x000000000f360000

Marking Bits: (ParMarkBitMap*) 0x0000000065796d90
 Begin Bits: [0x0000000013f70000, 0x0000000018770000)
 End Bits:   [0x0000000018770000, 0x000000001cf70000)

Polling page: 0x00000000018d0000

CodeCache: size=245760Kb used=21557Kb max_used=22354Kb free=224202Kb
 bounds [0x00000000034a0000, 0x0000000004ac0000, 0x00000000124a0000]
 total_blobs=6847 nmethods=6014 adapters=744
 compilation: enabled

Compilation events (10 events):
Event: 92.749 Thread 0x000000002009b000 7111       3       groovyjarjarantlr.RecognitionException::<init> (21 bytes)
Event: 92.749 Thread 0x000000002009b000 nmethod 7111 0x000000000376a9d0 code [0x000000000376ab40, 0x000000000376adc8]
Event: 92.749 Thread 0x000000002009b000 7112   !   3       org.codehaus.groovy.antlr.parser.GroovyRecognizer::closableBlockParamsOpt (269 bytes)
Event: 92.751 Thread 0x000000002009b000 nmethod 7112 0x0000000003a68f50 code [0x0000000003a693a0, 0x0000000003a6c258]
Event: 92.751 Thread 0x000000002009b000 7113   !   3       org.codehaus.groovy.antlr.parser.GroovyRecognizer::strictContextExpression (417 bytes)
Event: 92.751 Thread 0x0000000020090800 7114   !   4       org.codehaus.groovy.antlr.parser.GroovyLexer::nextToken (2683 bytes)
Event: 92.755 Thread 0x000000002009b000 nmethod 7113 0x00000000043cb5d0 code [0x00000000043cbc00, 0x00000000043d0738]
Event: 92.755 Thread 0x000000002009b000 7120       3       org.codehaus.groovy.antlr.AntlrParserPlugin::arguments (283 bytes)
Event: 92.757 Thread 0x000000002009b000 nmethod 7120 0x0000000003b89910 code [0x0000000003b89d60, 0x0000000003b8c718]
Event: 92.757 Thread 0x000000002009b000 7117   !   3       org.codehaus.groovy.antlr.parser.GroovyLexer::mSTRING_LITERAL (1053 bytes)

GC Heap History (10 events):
Event: 53.865 GC heap before
{Heap before GC invocations=12 (full 2):
 PSYoungGen      total 138240K, used 126976K [0x0000000760000000, 0x000000076c600000, 0x00000007c0000000)
  eden space 126976K, 100% used [0x0000000760000000,0x0000000767c00000,0x0000000767c00000)
  from space 11264K, 0% used [0x0000000767c00000,0x0000000767c00000,0x0000000768700000)
  to   space 13824K, 0% used [0x000000076b880000,0x000000076b880000,0x000000076c600000)
 ParOldGen       total 67072K, used 19328K [0x00000006a0000000, 0x00000006a4180000, 0x0000000760000000)
  object space 67072K, 28% used [0x00000006a0000000,0x00000006a12e0080,0x00000006a4180000)
 Metaspace       used 42141K, capacity 43644K, committed 43904K, reserved 1087488K
  class space    used 5795K, capacity 6162K, committed 6272K, reserved 1048576K
Event: 53.876 GC heap after
Heap after GC invocations=12 (full 2):
 PSYoungGen      total 187904K, used 12882K [0x0000000760000000, 0x000000076d780000, 0x00000007c0000000)
  eden space 174080K, 0% used [0x0000000760000000,0x0000000760000000,0x000000076aa00000)
  from space 13824K, 93% used [0x000000076b880000,0x000000076c514998,0x000000076c600000)
  to   space 14848K, 0% used [0x000000076aa00000,0x000000076aa00000,0x000000076b880000)
 ParOldGen       total 67072K, used 19336K [0x00000006a0000000, 0x00000006a4180000, 0x0000000760000000)
  object space 67072K, 28% used [0x00000006a0000000,0x00000006a12e2080,0x00000006a4180000)
 Metaspace       used 42141K, capacity 43644K, committed 43904K, reserved 1087488K
  class space    used 5795K, capacity 6162K, committed 6272K, reserved 1048576K
}
Event: 72.305 GC heap before
{Heap before GC invocations=13 (full 2):
 PSYoungGen      total 187904K, used 186962K [0x0000000760000000, 0x000000076d780000, 0x00000007c0000000)
  eden space 174080K, 100% used [0x0000000760000000,0x000000076aa00000,0x000000076aa00000)
  from space 13824K, 93% used [0x000000076b880000,0x000000076c514998,0x000000076c600000)
  to   space 14848K, 0% used [0x000000076aa00000,0x000000076aa00000,0x000000076b880000)
 ParOldGen       total 67072K, used 19336K [0x00000006a0000000, 0x00000006a4180000, 0x0000000760000000)
  object space 67072K, 28% used [0x00000006a0000000,0x00000006a12e2080,0x00000006a4180000)
 Metaspace       used 43987K, capacity 45636K, committed 45824K, reserved 1089536K
  class space    used 5960K, capacity 6366K, committed 6400K, reserved 1048576K
Event: 72.312 GC heap after
Heap after GC invocations=13 (full 2):
 PSYoungGen      total 188928K, used 3367K [0x0000000760000000, 0x0000000771980000, 0x00000007c0000000)
  eden space 174080K, 0% used [0x0000000760000000,0x0000000760000000,0x000000076aa00000)
  from space 14848K, 22% used [0x000000076aa00000,0x000000076ad49f30,0x000000076b880000)
  to   space 15360K, 0% used [0x0000000770a80000,0x0000000770a80000,0x0000000771980000)
 ParOldGen       total 67072K, used 26573K [0x00000006a0000000, 0x00000006a4180000, 0x0000000760000000)
  object space 67072K, 39% used [0x00000006a0000000,0x00000006a19f3740,0x00000006a4180000)
 Metaspace       used 43987K, capacity 45636K, committed 45824K, reserved 1089536K
  class space    used 5960K, capacity 6366K, committed 6400K, reserved 1048576K
}
Event: 91.393 GC heap before
{Heap before GC invocations=14 (full 2):
 PSYoungGen      total 188928K, used 177447K [0x0000000760000000, 0x0000000771980000, 0x00000007c0000000)
  eden space 174080K, 100% used [0x0000000760000000,0x000000076aa00000,0x000000076aa00000)
  from space 14848K, 22% used [0x000000076aa00000,0x000000076ad49f30,0x000000076b880000)
  to   space 15360K, 0% used [0x0000000770a80000,0x0000000770a80000,0x0000000771980000)
 ParOldGen       total 67072K, used 26573K [0x00000006a0000000, 0x00000006a4180000, 0x0000000760000000)
  object space 67072K, 39% used [0x00000006a0000000,0x00000006a19f3740,0x00000006a4180000)
 Metaspace       used 47822K, capacity 49868K, committed 50048K, reserved 1091584K
  class space    used 6424K, capacity 6948K, committed 7040K, reserved 1048576K
Event: 91.399 GC heap after
Heap after GC invocations=14 (full 2):
 PSYoungGen      total 261632K, used 5344K [0x0000000760000000, 0x0000000771380000, 0x00000007c0000000)
  eden space 252416K, 0% used [0x0000000760000000,0x0000000760000000,0x000000076f680000)
  from space 9216K, 57% used [0x0000000770a80000,0x0000000770fb8180,0x0000000771380000)
  to   space 14848K, 0% used [0x000000076f680000,0x000000076f680000,0x0000000770500000)
 ParOldGen       total 67072K, used 28945K [0x00000006a0000000, 0x00000006a4180000, 0x0000000760000000)
  object space 67072K, 43% used [0x00000006a0000000,0x00000006a1c44690,0x00000006a4180000)
 Metaspace       used 47822K, capacity 49868K, committed 50048K, reserved 1091584K
  class space    used 6424K, capacity 6948K, committed 7040K, reserved 1048576K
}
Event: 92.450 GC heap before
{Heap before GC invocations=15 (full 2):
 PSYoungGen      total 261632K, used 151443K [0x0000000760000000, 0x0000000771380000, 0x00000007c0000000)
  eden space 252416K, 57% used [0x0000000760000000,0x0000000768eacbc8,0x000000076f680000)
  from space 9216K, 57% used [0x0000000770a80000,0x0000000770fb8180,0x0000000771380000)
  to   space 14848K, 0% used [0x000000076f680000,0x000000076f680000,0x0000000770500000)
 ParOldGen       total 67072K, used 28945K [0x00000006a0000000, 0x00000006a4180000, 0x0000000760000000)
  object space 67072K, 43% used [0x00000006a0000000,0x00000006a1c44690,0x00000006a4180000)
 Metaspace       used 56589K, capacity 58964K, committed 59096K, reserved 1099776K
  class space    used 7517K, capacity 8115K, committed 8192K, reserved 1048576K
Event: 92.465 GC heap after
Heap after GC invocations=15 (full 2):
 PSYoungGen      total 267264K, used 14100K [0x0000000760000000, 0x0000000778500000, 0x00000007c0000000)
  eden space 252416K, 0% used [0x0000000760000000,0x0000000760000000,0x000000076f680000)
  from space 14848K, 94% used [0x000000076f680000,0x0000000770445060,0x0000000770500000)
  to   space 16384K, 0% used [0x0000000777500000,0x0000000777500000,0x0000000778500000)
 ParOldGen       total 67072K, used 32348K [0x00000006a0000000, 0x00000006a4180000, 0x0000000760000000)
  object space 67072K, 48% used [0x00000006a0000000,0x00000006a1f973d8,0x00000006a4180000)
 Metaspace       used 56589K, capacity 58964K, committed 59096K, reserved 1099776K
  class space    used 7517K, capacity 8115K, committed 8192K, reserved 1048576K
}
Event: 92.465 GC heap before
{Heap before GC invocations=16 (full 3):
 PSYoungGen      total 267264K, used 14100K [0x0000000760000000, 0x0000000778500000, 0x00000007c0000000)
  eden space 252416K, 0% used [0x0000000760000000,0x0000000760000000,0x000000076f680000)
  from space 14848K, 94% used [0x000000076f680000,0x0000000770445060,0x0000000770500000)
  to   space 16384K, 0% used [0x0000000777500000,0x0000000777500000,0x0000000778500000)
 ParOldGen       total 67072K, used 32348K [0x00000006a0000000, 0x00000006a4180000, 0x0000000760000000)
  object space 67072K, 48% used [0x00000006a0000000,0x00000006a1f973d8,0x00000006a4180000)
 Metaspace       used 56589K, capacity 58964K, committed 59096K, reserved 1099776K
  class space    used 7517K, capacity 8115K, committed 8192K, reserved 1048576K
Event: 92.598 GC heap after
Heap after GC invocations=16 (full 3):
 PSYoungGen      total 267264K, used 0K [0x0000000760000000, 0x0000000778500000, 0x00000007c0000000)
  eden space 252416K, 0% used [0x0000000760000000,0x0000000760000000,0x000000076f680000)
  from space 14848K, 0% used [0x000000076f680000,0x000000076f680000,0x0000000770500000)
  to   space 16384K, 0% used [0x0000000777500000,0x0000000777500000,0x0000000778500000)
 ParOldGen       total 67072K, used 40987K [0x00000006a0000000, 0x00000006a4180000, 0x0000000760000000)
  object space 67072K, 61% used [0x00000006a0000000,0x00000006a2806f20,0x00000006a4180000)
 Metaspace       used 56196K, capacity 58198K, committed 59096K, reserved 1099776K
  class space    used 7414K, capacity 7916K, committed 8192K, reserved 1048576K
}

Deoptimization events (10 events):
Event: 92.406 Thread 0x0000000022d6b800 Uncommon trap: reason=class_check action=maybe_recompile pc=0x0000000004798cbc method=java.util.Hashtable.put(Ljava/lang/Object;Ljava/lang/Object;)Ljava/lang/Object; @ 60
Event: 92.426 Thread 0x0000000022d6b800 Uncommon trap: reason=range_check action=make_not_entrant pc=0x0000000003d9a524 method=java.lang.String.charAt(I)C @ 27
Event: 92.426 Thread 0x0000000022d6b800 Uncommon trap: reason=unstable_if action=reinterpret pc=0x0000000003677010 method=java.lang.String.replace(CC)Ljava/lang/String; @ 2
Event: 92.429 Thread 0x0000000022d6b800 Uncommon trap: reason=unstable_if action=reinterpret pc=0x00000000040d30e4 method=groovy.lang.MetaClassImpl.checkIfStdMethod(Lgroovy/lang/MetaMethod;)V @ 55
Event: 92.429 Thread 0x0000000022d6b800 Uncommon trap: reason=unstable_if action=reinterpret pc=0x0000000004091f00 method=groovy.lang.MetaClassImpl.checkIfStdMethod(Lgroovy/lang/MetaMethod;)V @ 55
Event: 92.429 Thread 0x0000000022d6b800 Uncommon trap: reason=unstable_if action=reinterpret pc=0x0000000004a3d2bc method=org.codehaus.groovy.runtime.metaclass.MetaMethodIndex.copyNonPrivateNonNewMetaMethods(Lorg/codehaus/groovy/runtime/metaclass/MetaMethodIndex$Entry;Lorg/codehaus/groovy/runti
Event: 92.430 Thread 0x0000000022d6b800 Uncommon trap: reason=unstable_if action=reinterpret pc=0x000000000400f590 method=groovy.lang.MetaClassImpl$1MOPIter.methodNameAction(Ljava/lang/Class;Lorg/codehaus/groovy/runtime/metaclass/MetaMethodIndex$Entry;)V @ 182
Event: 92.436 Thread 0x0000000022d6b800 Uncommon trap: reason=predicate action=maybe_recompile pc=0x0000000004a2c000 method=java.util.AbstractCollection.toArray([Ljava/lang/Object;)[Ljava/lang/Object; @ 49
Event: 92.671 Thread 0x0000000022d6b800 Uncommon trap: reason=unstable_if action=reinterpret pc=0x00000000045be578 method=org.codehaus.groovy.antlr.UnicodeEscapingReader.read()I @ 66
Event: 92.671 Thread 0x0000000022d6b800 Uncommon trap: reason=unstable_if action=reinterpret pc=0x00000000045c4ba0 method=org.codehaus.groovy.antlr.UnicodeEscapingReader.read()I @ 4

Classes redefined (0 events):
No events

Internal exceptions (10 events):
Event: 92.431 Thread 0x0000000022d6b800 Exception <a 'java/lang/ClassNotFoundException': org/gradle/api/internal/project/DefaultAntBuilderBeanInfo> (0x0000000768a637a8) thrown at [C:\re\workspace\8-2-build-windows-amd64-cygwin\jdk8u231\13620\hotspot\src\share\vm\classfile\systemDictionary.cpp, 
Event: 92.432 Thread 0x0000000022d6b800 Exception <a 'java/lang/ClassNotFoundException': org/gradle/api/internal/project/ant/BasicAntBuilderBeanInfo> (0x0000000768a9b6b0) thrown at [C:\re\workspace\8-2-build-windows-amd64-cygwin\jdk8u231\13620\hotspot\src\share\vm\classfile\systemDictionary.cpp
Event: 92.433 Thread 0x0000000022d6b800 Exception <a 'java/lang/ClassNotFoundException': org/gradle/api/AntBuilderBeanInfo> (0x0000000768ac3cd0) thrown at [C:\re\workspace\8-2-build-windows-amd64-cygwin\jdk8u231\13620\hotspot\src\share\vm\classfile\systemDictionary.cpp, line 210]
Event: 92.434 Thread 0x0000000022d6b800 Exception <a 'java/lang/ClassNotFoundException': groovy/util/AntBuilderBeanInfo> (0x0000000768aeab10) thrown at [C:\re\workspace\8-2-build-windows-amd64-cygwin\jdk8u231\13620\hotspot\src\share\vm\classfile\systemDictionary.cpp, line 210]
Event: 92.435 Thread 0x0000000022d6b800 Exception <a 'java/lang/ClassNotFoundException': groovy/util/BuilderSupportBeanInfo> (0x0000000768b13118) thrown at [C:\re\workspace\8-2-build-windows-amd64-cygwin\jdk8u231\13620\hotspot\src\share\vm\classfile\systemDictionary.cpp, line 210]
Event: 92.436 Thread 0x0000000022d6b800 Exception <a 'java/lang/ClassNotFoundException': groovy/util/BuilderSupportCustomizer> (0x0000000768b3d998) thrown at [C:\re\workspace\8-2-build-windows-amd64-cygwin\jdk8u231\13620\hotspot\src\share\vm\classfile\systemDictionary.cpp, line 210]
Event: 92.437 Thread 0x0000000022d6b800 Exception <a 'java/lang/ClassNotFoundException': groovy/util/AntBuilderCustomizer> (0x0000000768b689f0) thrown at [C:\re\workspace\8-2-build-windows-amd64-cygwin\jdk8u231\13620\hotspot\src\share\vm\classfile\systemDictionary.cpp, line 210]
Event: 92.438 Thread 0x0000000022d6b800 Exception <a 'java/lang/ClassNotFoundException': org/gradle/api/AntBuilderCustomizer> (0x0000000768b98f20) thrown at [C:\re\workspace\8-2-build-windows-amd64-cygwin\jdk8u231\13620\hotspot\src\share\vm\classfile\systemDictionary.cpp, line 210]
Event: 92.439 Thread 0x0000000022d6b800 Exception <a 'java/lang/ClassNotFoundException': org/gradle/api/internal/project/ant/BasicAntBuilderCustomizer> (0x0000000768bde058) thrown at [C:\re\workspace\8-2-build-windows-amd64-cygwin\jdk8u231\13620\hotspot\src\share\vm\classfile\systemDictionary.c
Event: 92.440 Thread 0x0000000022d6b800 Exception <a 'java/lang/ClassNotFoundException': org/gradle/api/internal/project/DefaultAntBuilderCustomizer> (0x0000000768c2a4c8) thrown at [C:\re\workspace\8-2-build-windows-amd64-cygwin\jdk8u231\13620\hotspot\src\share\vm\classfile\systemDictionary.cpp

Events (10 events):
Event: 92.701 Thread 0x000000002009b000 flushing nmethod 0x00000000047e0b90
Event: 92.701 Thread 0x000000002009b000 flushing nmethod 0x00000000047e5350
Event: 92.701 Thread 0x000000002009b000 flushing nmethod 0x00000000047e8b90
Event: 92.701 Thread 0x000000002009b000 flushing nmethod 0x00000000047f8f10
Event: 92.701 Thread 0x000000002009b000 flushing nmethod 0x0000000004806a90
Event: 92.701 Thread 0x000000002009b000 flushing nmethod 0x0000000004823450
Event: 92.755 Executing VM operation: ForceSafepoint
Event: 92.755 Executing VM operation: ForceSafepoint done
Event: 92.757 Thread 0x000000002009b000 flushing nmethod 0x00000000035a22d0
Event: 92.757 Thread 0x000000002009b000 flushing nmethod 0x0000000003630bd0


Dynamic libraries:
0x00007ff69ec50000 - 0x00007ff69ec87000 	C:\Program Files\Java\jdk1.8.0_231\bin\java.exe
0x00007fff6c430000 - 0x00007fff6c625000 	C:\WINDOWS\SYSTEM32\ntdll.dll
0x00007fff6aa90000 - 0x00007fff6ab4e000 	C:\WINDOWS\System32\KERNEL32.DLL
0x00007fff69dd0000 - 0x00007fff6a098000 	C:\WINDOWS\System32\KERNELBASE.dll
0x00007fff6b400000 - 0x00007fff6b4ae000 	C:\WINDOWS\System32\ADVAPI32.dll
0x00007fff6aee0000 - 0x00007fff6af7e000 	C:\WINDOWS\System32\msvcrt.dll
0x00007fff6c220000 - 0x00007fff6c2bc000 	C:\WINDOWS\System32\sechost.dll
0x00007fff6c2c0000 - 0x00007fff6c3e5000 	C:\WINDOWS\System32\RPCRT4.dll
0x00007fff6a8f0000 - 0x00007fff6aa90000 	C:\WINDOWS\System32\USER32.dll
0x00007fff6a1b0000 - 0x00007fff6a1d2000 	C:\WINDOWS\System32\win32u.dll
0x00007fff6a8c0000 - 0x00007fff6a8eb000 	C:\WINDOWS\System32\GDI32.dll
0x00007fff6a0a0000 - 0x00007fff6a1ad000 	C:\WINDOWS\System32\gdi32full.dll
0x00007fff6a1e0000 - 0x00007fff6a27d000 	C:\WINDOWS\System32\msvcp_win.dll
0x00007fff6a2f0000 - 0x00007fff6a3f0000 	C:\WINDOWS\System32\ucrtbase.dll
0x00007fff68f40000 - 0x00007fff691da000 	C:\WINDOWS\WinSxS\amd64_microsoft.windows.common-controls_6595b64144ccf1df_6.0.19041.1110_none_60b5254171f9507e\COMCTL32.dll
0x00007fff6beb0000 - 0x00007fff6bee0000 	C:\WINDOWS\System32\IMM32.DLL
0x0000000065820000 - 0x00000000658f2000 	C:\Program Files\Java\jdk1.8.0_231\jre\bin\msvcr100.dll
0x0000000064f70000 - 0x0000000065816000 	C:\Program Files\Java\jdk1.8.0_231\jre\bin\server\jvm.dll
0x00007fff6ad90000 - 0x00007fff6ad98000 	C:\WINDOWS\System32\PSAPI.DLL
0x00007fff30c20000 - 0x00007fff30c29000 	C:\WINDOWS\SYSTEM32\WSOCK32.dll
0x00007fff5a260000 - 0x00007fff5a287000 	C:\WINDOWS\SYSTEM32\WINMM.dll
0x00007fff6c1b0000 - 0x00007fff6c21b000 	C:\WINDOWS\System32\WS2_32.dll
0x00007fff62db0000 - 0x00007fff62dba000 	C:\WINDOWS\SYSTEM32\VERSION.dll
0x00007fff4a930000 - 0x00007fff4a93f000 	C:\Program Files\Java\jdk1.8.0_231\jre\bin\verify.dll
0x00007fff4a3b0000 - 0x00007fff4a3d9000 	C:\Program Files\Java\jdk1.8.0_231\jre\bin\java.dll
0x00007fff4a390000 - 0x00007fff4a3a6000 	C:\Program Files\Java\jdk1.8.0_231\jre\bin\zip.dll
0x00007fff6b4b0000 - 0x00007fff6bbf4000 	C:\WINDOWS\System32\SHELL32.dll
0x00007fff675c0000 - 0x00007fff67d54000 	C:\WINDOWS\SYSTEM32\windows.storage.dll
0x00007fff6a480000 - 0x00007fff6a7d5000 	C:\WINDOWS\System32\combase.dll
0x00007fff68ea0000 - 0x00007fff68ece000 	C:\WINDOWS\SYSTEM32\Wldp.dll
0x00007fff6ab50000 - 0x00007fff6abfd000 	C:\WINDOWS\System32\SHCORE.dll
0x00007fff6a7e0000 - 0x00007fff6a835000 	C:\WINDOWS\System32\shlwapi.dll
0x00007fff69a80000 - 0x00007fff69a9f000 	C:\WINDOWS\SYSTEM32\profapi.dll
0x00007fff4a370000 - 0x00007fff4a38a000 	C:\Program Files\Java\jdk1.8.0_231\jre\bin\net.dll
0x00007fff68d70000 - 0x00007fff68dda000 	C:\WINDOWS\system32\mswsock.dll
0x00007fff4a350000 - 0x00007fff4a362000 	C:\Program Files\Java\jdk1.8.0_231\jre\bin\nio.dll
0x00007fff4a3e0000 - 0x00007fff4a40a000 	C:\Users\lyous\.gradle\native\36\windows-amd64\native-platform.dll
0x00007fff30ad0000 - 0x00007fff30add000 	C:\Program Files\Java\jdk1.8.0_231\jre\bin\management.dll
0x00007fff698c0000 - 0x00007fff698d8000 	C:\WINDOWS\SYSTEM32\CRYPTSP.dll
0x00007fff685a0000 - 0x00007fff685d4000 	C:\WINDOWS\system32\rsaenh.dll
0x00007fff69da0000 - 0x00007fff69dc7000 	C:\WINDOWS\System32\bcrypt.dll
0x00007fff69a40000 - 0x00007fff69a6e000 	C:\WINDOWS\SYSTEM32\USERENV.dll
0x00007fff6a3f0000 - 0x00007fff6a472000 	C:\WINDOWS\System32\bcryptprimitives.dll
0x00007fff68e60000 - 0x00007fff68e6c000 	C:\WINDOWS\SYSTEM32\CRYPTBASE.dll
0x00007fff688f0000 - 0x00007fff6892b000 	C:\WINDOWS\SYSTEM32\IPHLPAPI.DLL
0x00007fff6bea0000 - 0x00007fff6bea8000 	C:\WINDOWS\System32\NSI.dll
0x00007fff616e0000 - 0x00007fff616f7000 	C:\WINDOWS\SYSTEM32\dhcpcsvc6.DLL
0x00007fff616c0000 - 0x00007fff616dd000 	C:\WINDOWS\SYSTEM32\dhcpcsvc.DLL
0x00007fff68930000 - 0x00007fff689fb000 	C:\WINDOWS\SYSTEM32\DNSAPI.dll
0x00007fff4b400000 - 0x00007fff4b424000 	C:\Program Files\Java\jdk1.8.0_231\jre\bin\sunec.dll
0x00007fff61560000 - 0x00007fff6156a000 	C:\Windows\System32\rasadhlp.dll
0x00007fff581c0000 - 0x00007fff5823f000 	C:\WINDOWS\System32\fwpuclnt.dll
0x00007fff64c50000 - 0x00007fff64c5b000 	C:\Program Files\Java\jdk1.8.0_231\jre\bin\sunmscapi.dll
0x00007fff69c40000 - 0x00007fff69d96000 	C:\WINDOWS\System32\CRYPT32.dll

VM Arguments:
jvm_args: -Xmx4608m -Dfile.encoding=windows-1252 -Duser.country=FR -Duser.language=fr -Duser.variant 
java_command: org.gradle.launcher.daemon.bootstrap.GradleDaemon 6.2
java_class_path (initial): C:\Users\lyous\.gradle\wrapper\dists\gradle-6.2-all\dvufqs6kielxeao781pmk5huj\gradle-6.2\lib\gradle-launcher-6.2.jar
Launcher Type: SUN_STANDARD

Environment Variables:
JAVA_HOME=C:\Program Files\Java\jdk1.8.0_231
CLASSPATH=D:\Github\Groupe-Synergys\android\\gradle\wrapper\gradle-wrapper.jar
PATH=C:\Python27\;C:\Python27\Scripts;C:\windows\system32;C:\windows;C:\windows\System32\Wbem;C:\windows\System32\WindowsPowerShell\v1.0\;C:\windows\System32\OpenSSH\;C:\Program Files (x86)\NVIDIA Corporation\PhysX\Common;C:\Program Files\NVIDIA Corporation\NVIDIA NvDLISR;C:\ProgramData\chocolatey\bin;C:\Program Files\Java\jdk1.8.0_231\bin;C:\Program Files (x86)\Windows Live\Shared;C:\Users\lyous\AppData\Roaming\nvm;C:\Program Files\nodejs;C:\WINDOWS\system32;C:\WINDOWS;C:\WINDOWS\System32\Wbem;C:\WINDOWS\System32\WindowsPowerShell\v1.0\;C:\WINDOWS\System32\OpenSSH\;C:\Program Files\Git\cmd;D:\Program Files\NVIDIA Corporation\NVIDIA NvDLISR;C:\Users\lyous\AppData\Local\Microsoft\WindowsApps;C:\Users\lyous\AppData\Roaming\npm;C:\Users\lyous\AppData\Local\Android\Sdk\platform-tools;C:\Users\lyous\AppData\Local\Programs\Microsoft VS Code\bin;C:\Users\lyous\AppData\Local\GitHubDesktop\bin;C:\Program Files\Git\bin\;C:\Program Files\Git\cmd\;C:\Users\lyous\AppData\Roaming\nvm;C:\Program Files\nodejs;C:\Users\lyous\AppData\Local\Microsoft\WindowsApps;
USERNAME=lyous
OS=Windows_NT
PROCESSOR_IDENTIFIER=Intel64 Family 6 Model 158 Stepping 10, GenuineIntel



---------------  S Y S T E M  ---------------

OS: Windows 10.0 , 64 bit Build 19041 (10.0.19041.1503)

CPU:total 8 (initial active 8) (4 cores per cpu, 2 threads per core) family 6 model 158 stepping 10, cmov, cx8, fxsr, mmx, sse, sse2, sse3, ssse3, sse4.1, sse4.2, popcnt, avx, avx2, aes, clmul, erms, 3dnowpref, lzcnt, ht, tsc, tscinvbit, bmi1, bmi2, adx

Memory: 4k page, physical 8192128k(1749920k free), swap 9653008k(4116k free)

vm_info: Java HotSpot(TM) 64-Bit Server VM (25.231-b11) for windows-amd64 JRE (1.8.0_231-b11), built on Oct  5 2019 03:11:30 by "java_re" with MS VC++ 10.0 (VS2010)

time: Thu Feb 02 00:21:10 2023
timezone: Maroc (heure d’été)
elapsed time: 92 seconds (0d 0h 1m 32s)

