#
# There is insufficient memory for the Java Runtime Environment to continue.
# Native memory allocation (malloc) failed to allocate 367216 bytes for Chunk::new
# Possible reasons:
#   The system is out of physical RAM or swap space
#   The process is running with CompressedOops enabled, and the Java Heap may be blocking the growth of the native heap
# Possible solutions:
#   Reduce memory load on the system
#   Increase physical memory or swap space
#   Check if swap backing store is full
#   Decrease Java heap size (-Xmx/-Xms)
#   Decrease number of Java threads
#   Decrease Java thread stack sizes (-Xss)
#   Set larger code cache with -XX:ReservedCodeCacheSize=
#   JVM is running with Zero Based Compressed Oops mode in which the Java heap is
#     placed in the first 32GB address space. The Java Heap base address is the
#     maximum limit for the native heap growth. Please use -XX:HeapBaseMinAddress
#     to set the Java Heap base and to place the Java Heap above 32GB virtual address.
# This output file may be truncated or incomplete.
#
#  Out of Memory Error (allocation.cpp:389), pid=33492, tid=0x00000000000029e4
#
# JRE version: Java(TM) SE Runtime Environment (8.0_231-b11) (build 1.8.0_231-b11)
# Java VM: Java HotSpot(TM) 64-Bit Server VM (25.231-b11 mixed mode windows-amd64 compressed oops)
# Failed to write core dump. Minidumps are not enabled by default on client versions of Windows
#

---------------  T H R E A D  ---------------

Current thread (0x000000001f4ad000):  JavaThread "C2 CompilerThread0" daemon [_thread_in_native, id=10724, stack(0x000000001fdb0000,0x000000001feb0000)]

Stack: [0x000000001fdb0000,0x000000001feb0000]
[error occurred during error reporting (printing stack bounds), id 0xc0000005]

Native frames: (J=compiled Java code, j=interpreted, Vv=VM code, C=native code)


Current CompileTask:
C2: 992933 32065       4       com.android.tools.r8.graph.DexAnnotationSet::a (15 bytes)


---------------  P R O C E S S  ---------------

Java Threads: ( => current thread )
  0x00000000301d5800 JavaThread "ForkJoinPool-3-worker-0" daemon [_thread_blocked, id=33520, stack(0x00000000377d0000,0x00000000378d0000)]
  0x00000000301d1800 JavaThread "ForkJoinPool-3-worker-7" daemon [_thread_blocked, id=33628, stack(0x00000000376d0000,0x00000000377d0000)]
  0x00000000301d6000 JavaThread "ForkJoinPool-3-worker-6" daemon [_thread_blocked, id=25228, stack(0x00000000375d0000,0x00000000376d0000)]
  0x00000000301d7000 JavaThread "ForkJoinPool-3-worker-4" daemon [_thread_blocked, id=30700, stack(0x00000000373d0000,0x00000000374d0000)]
  0x00000000301d3000 JavaThread "ForkJoinPool-3-worker-3" daemon [_thread_blocked, id=31132, stack(0x00000000372d0000,0x00000000373d0000)]
  0x0000000024434800 JavaThread "ForkJoinPool-3-worker-2" daemon [_thread_blocked, id=34984, stack(0x00000000354d0000,0x00000000355d0000)]
  0x000000002442a800 JavaThread "ForkJoinPool-3-worker-1" daemon [_thread_blocked, id=33256, stack(0x00000000331f0000,0x00000000332f0000)]
  0x000000002b0e3000 JavaThread "ForkJoinPool.commonPool-worker-6" daemon [_thread_blocked, id=19580, stack(0x00000000356d0000,0x00000000357d0000)]
  0x000000002b0e1800 JavaThread "ForkJoinPool.commonPool-worker-5" daemon [_thread_blocked, id=18576, stack(0x00000000355d0000,0x00000000356d0000)]
  0x000000002b0e1000 JavaThread "ForkJoinPool.commonPool-worker-3" daemon [_thread_blocked, id=22120, stack(0x0000000034fa0000,0x00000000350a0000)]
  0x000000002b0e0000 JavaThread "ForkJoinPool.commonPool-worker-2" daemon [_thread_blocked, id=12924, stack(0x00000000332f0000,0x00000000333f0000)]
  0x000000002b0dc800 JavaThread "WorkerExecutor Queue Thread 40" [_thread_in_Java, id=27680, stack(0x000000002f320000,0x000000002f420000)]
  0x000000002b0db000 JavaThread "stdout" [_thread_in_native, id=26480, stack(0x00000000353d0000,0x00000000354d0000)]
  0x000000002b0de000 JavaThread "stderr" [_thread_in_native, id=18948, stack(0x00000000352d0000,0x00000000353d0000)]
  0x000000002b0da000 JavaThread "stdout" [_thread_in_native, id=33028, stack(0x00000000351d0000,0x00000000352d0000)]
  0x000000002b0d5000 JavaThread "stderr" [_thread_in_native, id=26296, stack(0x00000000350d0000,0x00000000351d0000)]
  0x000000002b0d9800 JavaThread "stdout" [_thread_in_native, id=28540, stack(0x0000000034ea0000,0x0000000034fa0000)]
  0x000000002b0d5800 JavaThread "stderr" [_thread_in_native, id=23164, stack(0x0000000034da0000,0x0000000034ea0000)]
  0x000000002b0d6800 JavaThread "stdout" [_thread_in_native, id=26104, stack(0x0000000034ca0000,0x0000000034da0000)]
  0x000000002b0db800 JavaThread "stderr" [_thread_in_native, id=10772, stack(0x0000000034ba0000,0x0000000034ca0000)]
  0x000000002b0d8000 JavaThread "stdout" [_thread_in_native, id=33980, stack(0x0000000034aa0000,0x0000000034ba0000)]
  0x000000002189f000 JavaThread "stderr" [_thread_in_native, id=10208, stack(0x00000000349a0000,0x0000000034aa0000)]
  0x00000000262fd800 JavaThread "stdout" [_thread_in_native, id=27796, stack(0x00000000348a0000,0x00000000349a0000)]
  0x0000000026303800 JavaThread "stderr" [_thread_in_native, id=33508, stack(0x00000000347a0000,0x00000000348a0000)]
  0x0000000024437800 JavaThread "stdout" [_thread_in_native, id=5416, stack(0x00000000346a0000,0x00000000347a0000)]
  0x0000000024436800 JavaThread "stderr" [_thread_in_native, id=12476, stack(0x00000000334f0000,0x00000000335f0000)]
  0x000000002442f000 JavaThread "stdout" [_thread_in_native, id=27108, stack(0x00000000333f0000,0x00000000334f0000)]
  0x0000000024436000 JavaThread "stderr" [_thread_in_native, id=24988, stack(0x0000000032bf0000,0x0000000032cf0000)]
  0x0000000024435000 JavaThread "pool-3-thread-1" [_thread_blocked, id=27348, stack(0x0000000031af0000,0x0000000031bf0000)]
  0x0000000024429000 JavaThread "RMI Reaper" [_thread_blocked, id=30840, stack(0x00000000330f0000,0x00000000331f0000)]
  0x0000000024430000 JavaThread "RMI TCP Accept-0" daemon [_thread_in_native, id=21164, stack(0x0000000032ff0000,0x00000000330f0000)]
  0x000000002442b800 JavaThread "GC Daemon" daemon [_thread_blocked, id=31356, stack(0x0000000032cf0000,0x0000000032df0000)]
  0x000000002442e800 JavaThread "RMI Scheduler(0)" daemon [_thread_blocked, id=35432, stack(0x00000000322f0000,0x00000000323f0000)]
  0x0000000022368000 JavaThread "WorkerExecutor Queue Thread 38" [_thread_blocked, id=35660, stack(0x00000000321f0000,0x00000000322f0000)]
  0x00000000262fd000 JavaThread "WorkerExecutor Queue Thread 36" [_thread_in_native, id=20572, stack(0x00000000316f0000,0x00000000317f0000)]
  0x00000000262fc000 JavaThread "WorkerExecutor Queue Thread 35" [_thread_blocked, id=24276, stack(0x00000000315f0000,0x00000000316f0000)]
  0x00000000262fa800 JavaThread "WorkerExecutor Queue Thread 34" [_thread_in_native, id=35364, stack(0x00000000314f0000,0x00000000315f0000)]
  0x0000000026300800 JavaThread "WorkerExecutor Queue Thread 33" [_thread_blocked, id=18960, stack(0x00000000313f0000,0x00000000314f0000)]
  0x00000000262f7000 JavaThread "WorkerExecutor Queue Thread 27" [_thread_blocked, id=15376, stack(0x000000002f420000,0x000000002f520000)]
  0x0000000026300000 JavaThread "WorkerExecutor Queue Thread 22" [_thread_blocked, id=6488, stack(0x00000000319f0000,0x0000000031af0000)]
  0x00000000262fb800 JavaThread "Cache worker for Java compile cache (D:\Github\Groupe-Synergys\android\.gradle\6.2\javaCompile)" [_thread_blocked, id=6604, stack(0x0000000031cf0000,0x0000000031df0000)]
  0x00000000262f8800 JavaThread "Cache worker for Java compile cache (C:\Users\lyous\.gradle\caches\6.2\javaCompile)" [_thread_blocked, id=24408, stack(0x0000000031bf0000,0x0000000031cf0000)]
  0x000000002189e800 JavaThread "Cache worker for execution history cache (D:\Github\Groupe-Synergys\android\.gradle\6.2\executionHistory)" [_thread_blocked, id=34812, stack(0x00000000310f0000,0x00000000311f0000)]
  0x000000002189d800 JavaThread "Execution worker for ':' Thread 7" [_thread_blocked, id=33012, stack(0x0000000030ef0000,0x0000000030ff0000)]
  0x000000002189d000 JavaThread "Execution worker for ':' Thread 6" [_thread_blocked, id=30008, stack(0x0000000030df0000,0x0000000030ef0000)]
  0x00000000218a1800 JavaThread "Execution worker for ':' Thread 5" [_thread_blocked, id=11920, stack(0x0000000030cf0000,0x0000000030df0000)]
  0x0000000021894800 JavaThread "Execution worker for ':' Thread 4" [_thread_blocked, id=26532, stack(0x0000000030bf0000,0x0000000030cf0000)]
  0x000000002189b800 JavaThread "Execution worker for ':' Thread 3" [_thread_blocked, id=15212, stack(0x0000000030af0000,0x0000000030bf0000)]
  0x0000000021898800 JavaThread "Execution worker for ':' Thread 2" [_thread_blocked, id=29132, stack(0x00000000309f0000,0x0000000030af0000)]
  0x0000000021897800 JavaThread "Execution worker for ':'" [_thread_blocked, id=16984, stack(0x00000000308f0000,0x00000000309f0000)]
  0x0000000021897000 JavaThread "Cache worker for file content cache (D:\Github\Groupe-Synergys\android\.gradle\6.2\fileContent)" [_thread_blocked, id=12908, stack(0x000000002f020000,0x000000002f120000)]
  0x0000000021894000 JavaThread "Cache worker for file content cache (C:\Users\lyous\.gradle\caches\6.2\fileContent)" [_thread_blocked, id=33876, stack(0x000000002ef20000,0x000000002f020000)]
  0x000000002189a000 JavaThread "Cache worker for Build Output Cleanup Cache (D:\Github\Groupe-Synergys\android\.gradle\buildOutputCleanup)" [_thread_blocked, id=28376, stack(0x0000000029d10000,0x0000000029e10000)]
  0x0000000021893000 JavaThread "pool-2-thread-1" [_thread_blocked, id=18916, stack(0x0000000029810000,0x0000000029910000)]
  0x0000000021899000 JavaThread "Build operations Thread 8" [_thread_blocked, id=33748, stack(0x0000000029110000,0x0000000029210000)]
  0x0000000020e5f800 JavaThread "Build operations Thread 7" [_thread_blocked, id=18408, stack(0x0000000029010000,0x0000000029110000)]
  0x0000000020e61000 JavaThread "Build operations Thread 6" [_thread_blocked, id=22096, stack(0x0000000028f10000,0x0000000029010000)]
  0x0000000020e60000 JavaThread "Build operations Thread 5" [_thread_blocked, id=35688, stack(0x0000000028e10000,0x0000000028f10000)]
  0x0000000020e5e800 JavaThread "Build operations Thread 4" [_thread_blocked, id=33932, stack(0x0000000028d10000,0x0000000028e10000)]
  0x0000000020e5d000 JavaThread "Build operations Thread 3" [_thread_blocked, id=20652, stack(0x0000000028c10000,0x0000000028d10000)]
  0x000000002236e000 JavaThread "Build operations Thread 2" [_thread_blocked, id=13020, stack(0x00000000286f0000,0x00000000287f0000)]
  0x000000002236c800 JavaThread "Build operations" [_thread_blocked, id=34620, stack(0x00000000273a0000,0x00000000274a0000)]
  0x000000002236b000 JavaThread "Cache worker for cache directory md-rule (C:\Users\lyous\.gradle\caches\6.2\md-rule)" [_thread_blocked, id=32448, stack(0x00000000272a0000,0x00000000273a0000)]
  0x0000000022361000 JavaThread "Cache worker for cache directory md-supplier (C:\Users\lyous\.gradle\caches\6.2\md-supplier)" [_thread_blocked, id=17584, stack(0x0000000025cd0000,0x0000000025dd0000)]
  0x0000000022360800 JavaThread "Cache worker for file hash cache (D:\Github\Groupe-Synergys\android\.gradle\6.2\fileHashes)" [_thread_in_native, id=35476, stack(0x00000000259d0000,0x0000000025ad0000)]
  0x0000000022367000 JavaThread "Cache worker for checksums cache (D:\Github\Groupe-Synergys\android\.gradle\checksums)" [_thread_blocked, id=35480, stack(0x00000000256d0000,0x00000000257d0000)]
  0x000000002235f800 JavaThread "Thread-42" [_thread_blocked, id=30112, stack(0x00000000255d0000,0x00000000256d0000)]
  0x0000000022366800 JavaThread "Stdin handler" [_thread_blocked, id=10196, stack(0x0000000023b00000,0x0000000023c00000)]
  0x0000000022365800 JavaThread "Asynchronous log dispatcher for DefaultDaemonConnection: socket connection from /127.0.0.1:49564 to /127.0.0.1:49961" [_thread_blocked, id=24440, stack(0x0000000023a00000,0x0000000023b00000)]
  0x0000000022364000 JavaThread "Daemon worker Thread 2" [_thread_blocked, id=30848, stack(0x0000000023700000,0x0000000023800000)]
  0x0000000022362800 JavaThread "Cancel handler" [_thread_blocked, id=16940, stack(0x0000000023600000,0x0000000023700000)]
  0x0000000022365000 JavaThread "Handler for socket connection from /127.0.0.1:49564 to /127.0.0.1:49961" [_thread_in_native, id=32680, stack(0x0000000023500000,0x0000000023600000)]
  0x000000002235f000 JavaThread "Daemon Thread 2" [_thread_blocked, id=31520, stack(0x0000000000cb0000,0x0000000000db0000)]
  0x0000000022362000 JavaThread "Memory manager" [_thread_blocked, id=30464, stack(0x000000002b7e0000,0x000000002b8e0000)]
  0x0000000020e5e000 JavaThread "Cache worker for execution history cache (C:\Users\lyous\.gradle\caches\6.2\executionHistory)" [_thread_blocked, id=35072, stack(0x0000000025dd0000,0x0000000025ed0000)]
  0x0000000020e5c800 JavaThread "Cache worker for file hash cache (C:\Users\lyous\.gradle\caches\6.2\fileHashes)" [_thread_blocked, id=30312, stack(0x0000000024300000,0x0000000024400000)]
  0x0000000020e5b800 JavaThread "File lock request listener" [_thread_in_native, id=35764, stack(0x0000000024200000,0x0000000024300000)]
  0x0000000020e5b000 JavaThread "Cache worker for journal cache (C:\Users\lyous\.gradle\caches\journal-1)" [_thread_blocked, id=27596, stack(0x0000000024100000,0x0000000024200000)]
  0x000000002213c800 JavaThread "Daemon periodic checks" [_thread_blocked, id=11972, stack(0x0000000023400000,0x0000000023500000)]
  0x000000002213b000 JavaThread "Incoming local TCP Connector on port 49564" [_thread_in_native, id=33264, stack(0x0000000023300000,0x0000000023400000)]
  0x0000000022052800 JavaThread "Daemon health stats" [_thread_blocked, id=25064, stack(0x0000000022cc0000,0x0000000022dc0000)]
  0x000000001f551800 JavaThread "Service Thread" daemon [_thread_blocked, id=25980, stack(0x00000000201b0000,0x00000000202b0000)]
  0x000000001f4b9800 JavaThread "C1 CompilerThread3" daemon [_thread_blocked, id=35516, stack(0x00000000200b0000,0x00000000201b0000)]
  0x000000001f4b4800 JavaThread "C2 CompilerThread2" daemon [_thread_in_native, id=28080, stack(0x000000001ffb0000,0x00000000200b0000)]
  0x000000001f4b0800 JavaThread "C2 CompilerThread1" daemon [_thread_in_native, id=14000, stack(0x000000001feb0000,0x000000001ffb0000)]
=>0x000000001f4ad000 JavaThread "C2 CompilerThread0" daemon [_thread_in_native, id=10724, stack(0x000000001fdb0000,0x000000001feb0000)]
  0x000000001f4ab800 JavaThread "Attach Listener" daemon [_thread_blocked, id=33848, stack(0x000000001fcb0000,0x000000001fdb0000)]
  0x000000001f4aa800 JavaThread "Signal Dispatcher" daemon [_thread_blocked, id=33000, stack(0x000000001fbb0000,0x000000001fcb0000)]
  0x0000000002899000 JavaThread "Finalizer" daemon [_thread_blocked, id=27976, stack(0x000000001f980000,0x000000001fa80000)]
  0x000000001d6bd800 JavaThread "Reference Handler" daemon [_thread_blocked, id=28284, stack(0x000000001f880000,0x000000001f980000)]
  0x00000000027a2800 JavaThread "main" [_thread_blocked, id=30976, stack(0x00000000026a0000,0x00000000027a0000)]

Other Threads:
  0x000000001d6b9000 VMThread [stack: 0x000000001f380000,0x000000001f480000] [id=33340]
  0x000000001f573800 WatcherThread [stack: 0x0000000020420000,0x0000000020520000] [id=26200]

VM state:not at safepoint (normal execution)

VM Mutex/Monitor currently owned by a thread: None

OutOfMemory and StackOverflow Exception counts:
OutOfMemoryError java_heap_errors=1

heap address: 0x00000006a0000000, size: 4608 MB, Compressed Oops mode: Zero based, Oop shift amount: 3
Narrow klass base: 0x0000000000000000, Narrow klass shift: 3
Compressed class space size: 1073741824 Address: 0x00000007c0000000

Heap:
 PSYoungGen      total 717824K, used 530371K [0x0000000760000000, 0x00000007a5d00000, 0x00000007c0000000)
  eden space 494080K, 77% used [0x0000000760000000,0x00000007777e2108,0x000000077e280000)
  from space 223744K, 65% used [0x000000077e280000,0x000000078708ed98,0x000000078bd00000)
  to   space 283136K, 0% used [0x0000000794880000,0x0000000794880000,0x00000007a5d00000)
 ParOldGen       total 378880K, used 378439K [0x00000006a0000000, 0x00000006b7200000, 0x0000000760000000)
  object space 378880K, 99% used [0x00000006a0000000,0x00000006b7191e28,0x00000006b7200000)
 Metaspace       used 117254K, capacity 128566K, committed 129536K, reserved 1161216K
  class space    used 15558K, capacity 18453K, committed 18688K, reserved 1048576K

Card table byte_map: [0x0000000011c60000,0x0000000012570000] byte_map_base: 0x000000000e760000

Marking Bits: (ParMarkBitMap*) 0x0000000071896d90
 Begin Bits: [0x0000000013370000, 0x0000000017b70000)
 End Bits:   [0x0000000017b70000, 0x000000001c370000)

Polling page: 0x0000000002600000

CodeCache: size=245760Kb used=90043Kb max_used=90465Kb free=155716Kb
 bounds [0x00000000028a0000, 0x0000000008190000, 0x00000000118a0000]
 total_blobs=25258 nmethods=24297 adapters=871
 compilation: enabled

Compilation events (10 events):
Event: 992.895 Thread 0x000000001f4b9800 32106       2       org.gradle.internal.id.RandomLongIdGenerator::generateId (5 bytes)
Event: 992.896 Thread 0x000000001f4b9800 nmethod 32106 0x0000000006ed8290 code [0x0000000006ed8400, 0x0000000006ed8598]
Event: 992.896 Thread 0x000000001f4b9800 32107       2       org.gradle.internal.id.RandomLongIdGenerator::generateId (11 bytes)
Event: 992.896 Thread 0x000000001f4b9800 nmethod 32107 0x0000000006edb6d0 code [0x0000000006edb840, 0x0000000006edb9d8]
Event: 992.896 Thread 0x000000001f4b9800 32108       2       org.gradle.cache.internal.DefaultFileLockManager::determineLockTargetFile (72 bytes)
Event: 992.897 Thread 0x000000001f4b9800 nmethod 32108 0x0000000006eda8d0 code [0x0000000006edaae0, 0x0000000006edb238]
Event: 992.897 Thread 0x000000001f4b9800 32109       2       org.gradle.cache.internal.filelock.DefaultLockStateSerializer::<init> (5 bytes)
Event: 992.897 Thread 0x000000001f4b9800 nmethod 32109 0x0000000006eda590 code [0x0000000006eda6e0, 0x0000000006eda830]
Event: 992.917 Thread 0x000000001f4b9800 32112       2       com.android.tools.r8.graph.DexValue$d::i (1 bytes)
Event: 992.917 Thread 0x000000001f4b9800 nmethod 32112 0x0000000007b96350 code [0x0000000007b964a0, 0x0000000007b965f0]

GC Heap History (10 events):
Event: 979.059 GC heap before
{Heap before GC invocations=45 (full 5):
 PSYoungGen      total 594432K, used 594430K [0x0000000760000000, 0x0000000792e80000, 0x00000007c0000000)
  eden space 454144K, 100% used [0x0000000760000000,0x000000077bb80000,0x000000077bb80000)
  from space 140288K, 99% used [0x000000077bb80000,0x000000078447fa80,0x0000000784480000)
  to   space 173056K, 0% used [0x0000000788580000,0x0000000788580000,0x0000000792e80000)
 ParOldGen       total 378880K, used 277557K [0x00000006a0000000, 0x00000006b7200000, 0x0000000760000000)
  object space 378880K, 73% used [0x00000006a0000000,0x00000006b0f0d7b0,0x00000006b7200000)
 Metaspace       used 107696K, capacity 118246K, committed 118528K, reserved 1150976K
  class space    used 14259K, capacity 17027K, committed 17152K, reserved 1048576K
Event: 979.185 GC heap after
Heap after GC invocations=45 (full 5):
 PSYoungGen      total 658432K, used 105565K [0x0000000760000000, 0x0000000793100000, 0x00000007c0000000)
  eden space 485376K, 0% used [0x0000000760000000,0x0000000760000000,0x000000077da00000)
  from space 173056K, 61% used [0x0000000788580000,0x000000078ec976a0,0x0000000792e80000)
  to   space 175616K, 0% used [0x000000077da00000,0x000000077da00000,0x0000000788580000)
 ParOldGen       total 378880K, used 284258K [0x00000006a0000000, 0x00000006b7200000, 0x0000000760000000)
  object space 378880K, 75% used [0x00000006a0000000,0x00000006b1598840,0x00000006b7200000)
 Metaspace       used 107696K, capacity 118246K, committed 118528K, reserved 1150976K
  class space    used 14259K, capacity 17027K, committed 17152K, reserved 1048576K
}
Event: 982.661 GC heap before
{Heap before GC invocations=46 (full 5):
 PSYoungGen      total 658432K, used 590941K [0x0000000760000000, 0x0000000793100000, 0x00000007c0000000)
  eden space 485376K, 100% used [0x0000000760000000,0x000000077da00000,0x000000077da00000)
  from space 173056K, 61% used [0x0000000788580000,0x000000078ec976a0,0x0000000792e80000)
  to   space 175616K, 0% used [0x000000077da00000,0x000000077da00000,0x0000000788580000)
 ParOldGen       total 378880K, used 284258K [0x00000006a0000000, 0x00000006b7200000, 0x0000000760000000)
  object space 378880K, 75% used [0x00000006a0000000,0x00000006b1598840,0x00000006b7200000)
 Metaspace       used 116501K, capacity 128172K, committed 128384K, reserved 1159168K
  class space    used 15580K, capacity 18552K, committed 18560K, reserved 1048576K
Event: 982.767 GC heap after
Heap after GC invocations=46 (full 5):
 PSYoungGen      total 660992K, used 142126K [0x0000000760000000, 0x0000000797700000, 0x00000007c0000000)
  eden space 485376K, 0% used [0x0000000760000000,0x0000000760000000,0x000000077da00000)
  from space 175616K, 80% used [0x000000077da00000,0x00000007864cb960,0x0000000788580000)
  to   space 190464K, 0% used [0x000000078bd00000,0x000000078bd00000,0x0000000797700000)
 ParOldGen       total 378880K, used 284266K [0x00000006a0000000, 0x00000006b7200000, 0x0000000760000000)
  object space 378880K, 75% used [0x00000006a0000000,0x00000006b159a840,0x00000006b7200000)
 Metaspace       used 116501K, capacity 128172K, committed 128384K, reserved 1159168K
  class space    used 15580K, capacity 18552K, committed 18560K, reserved 1048576K
}
Event: 984.018 GC heap before
{Heap before GC invocations=47 (full 5):
 PSYoungGen      total 660992K, used 626995K [0x0000000760000000, 0x0000000797700000, 0x00000007c0000000)
  eden space 485376K, 99% used [0x0000000760000000,0x000000077d981518,0x000000077da00000)
  from space 175616K, 80% used [0x000000077da00000,0x00000007864cb960,0x0000000788580000)
  to   space 190464K, 0% used [0x000000078bd00000,0x000000078bd00000,0x0000000797700000)
 ParOldGen       total 378880K, used 284266K [0x00000006a0000000, 0x00000006b7200000, 0x0000000760000000)
  object space 378880K, 75% used [0x00000006a0000000,0x00000006b159a840,0x00000006b7200000)
 Metaspace       used 116945K, capacity 128554K, committed 128640K, reserved 1159168K
  class space    used 15606K, capacity 18559K, committed 18560K, reserved 1048576K
Event: 984.246 GC heap after
Heap after GC invocations=47 (full 5):
 PSYoungGen      total 684544K, used 190459K [0x0000000760000000, 0x000000079d880000, 0x00000007c0000000)
  eden space 494080K, 0% used [0x0000000760000000,0x0000000760000000,0x000000077e280000)
  from space 190464K, 99% used [0x000000078bd00000,0x00000007976fecc0,0x0000000797700000)
  to   space 223744K, 0% used [0x000000077e280000,0x000000077e280000,0x000000078bd00000)
 ParOldGen       total 378880K, used 294856K [0x00000006a0000000, 0x00000006b7200000, 0x0000000760000000)
  object space 378880K, 77% used [0x00000006a0000000,0x00000006b1ff20c0,0x00000006b7200000)
 Metaspace       used 116945K, capacity 128554K, committed 128640K, reserved 1159168K
  class space    used 15606K, capacity 18559K, committed 18560K, reserved 1048576K
}
Event: 986.015 GC heap before
{Heap before GC invocations=48 (full 5):
 PSYoungGen      total 684544K, used 684539K [0x0000000760000000, 0x000000079d880000, 0x00000007c0000000)
  eden space 494080K, 100% used [0x0000000760000000,0x000000077e280000,0x000000077e280000)
  from space 190464K, 99% used [0x000000078bd00000,0x00000007976fecc0,0x0000000797700000)
  to   space 223744K, 0% used [0x000000077e280000,0x000000077e280000,0x000000078bd00000)
 ParOldGen       total 378880K, used 294856K [0x00000006a0000000, 0x00000006b7200000, 0x0000000760000000)
  object space 378880K, 77% used [0x00000006a0000000,0x00000006b1ff20c0,0x00000006b7200000)
 Metaspace       used 117593K, capacity 129358K, committed 129536K, reserved 1161216K
  class space    used 15684K, capacity 18667K, committed 18688K, reserved 1048576K
Event: 986.267 GC heap after
Heap after GC invocations=48 (full 5):
 PSYoungGen      total 717824K, used 223736K [0x0000000760000000, 0x00000007a5d00000, 0x00000007c0000000)
  eden space 494080K, 0% used [0x0000000760000000,0x0000000760000000,0x000000077e280000)
  from space 223744K, 99% used [0x000000077e280000,0x000000078bcfe018,0x000000078bd00000)
  to   space 283136K, 0% used [0x0000000794880000,0x0000000794880000,0x00000007a5d00000)
 ParOldGen       total 378880K, used 360309K [0x00000006a0000000, 0x00000006b7200000, 0x0000000760000000)
  object space 378880K, 95% used [0x00000006a0000000,0x00000006b5fdd518,0x00000006b7200000)
 Metaspace       used 117593K, capacity 129358K, committed 129536K, reserved 1161216K
  class space    used 15684K, capacity 18667K, committed 18688K, reserved 1048576K
}
Event: 986.268 GC heap before
{Heap before GC invocations=49 (full 6):
 PSYoungGen      total 717824K, used 223736K [0x0000000760000000, 0x00000007a5d00000, 0x00000007c0000000)
  eden space 494080K, 0% used [0x0000000760000000,0x0000000760000000,0x000000077e280000)
  from space 223744K, 99% used [0x000000077e280000,0x000000078bcfe018,0x000000078bd00000)
  to   space 283136K, 0% used [0x0000000794880000,0x0000000794880000,0x00000007a5d00000)
 ParOldGen       total 378880K, used 360309K [0x00000006a0000000, 0x00000006b7200000, 0x0000000760000000)
  object space 378880K, 95% used [0x00000006a0000000,0x00000006b5fdd518,0x00000006b7200000)
 Metaspace       used 117593K, capacity 129358K, committed 129536K, reserved 1161216K
  class space    used 15684K, capacity 18667K, committed 18688K, reserved 1048576K
Event: 992.290 GC heap after
Heap after GC invocations=49 (full 6):
 PSYoungGen      total 717824K, used 145467K [0x0000000760000000, 0x00000007a5d00000, 0x00000007c0000000)
  eden space 494080K, 0% used [0x0000000760000000,0x0000000760000000,0x000000077e280000)
  from space 223744K, 65% used [0x000000077e280000,0x000000078708ed98,0x000000078bd00000)
  to   space 283136K, 0% used [0x0000000794880000,0x0000000794880000,0x00000007a5d00000)
 ParOldGen       total 378880K, used 378439K [0x00000006a0000000, 0x00000006b7200000, 0x0000000760000000)
  object space 378880K, 99% used [0x00000006a0000000,0x00000006b7191e28,0x00000006b7200000)
 Metaspace       used 117245K, capacity 128558K, committed 129536K, reserved 1161216K
  class space    used 15558K, capacity 18453K, committed 18688K, reserved 1048576K
}

Deoptimization events (10 events):
Event: 992.442 Thread 0x000000002b0dc800 Uncommon trap: reason=class_check action=maybe_recompile pc=0x0000000007602234 method=com.android.tools.r8.graph.DexItemFactory.a(Ljava/util/Collection;Lcom/android/tools/r8/naming/NamingLens;)V @ 44
Event: 992.442 Thread 0x000000002b0dc800 Uncommon trap: reason=class_check action=maybe_recompile pc=0x0000000007602234 method=com.android.tools.r8.graph.DexItemFactory.a(Ljava/util/Collection;Lcom/android/tools/r8/naming/NamingLens;)V @ 44
Event: 992.442 Thread 0x000000002b0dc800 Uncommon trap: reason=class_check action=maybe_recompile pc=0x0000000007602234 method=com.android.tools.r8.graph.DexItemFactory.a(Ljava/util/Collection;Lcom/android/tools/r8/naming/NamingLens;)V @ 44
Event: 992.444 Thread 0x000000002b0dc800 Uncommon trap: reason=class_check action=maybe_recompile pc=0x0000000007602234 method=com.android.tools.r8.graph.DexItemFactory.a(Ljava/util/Collection;Lcom/android/tools/r8/naming/NamingLens;)V @ 44
Event: 992.561 Thread 0x000000002b0dc800 Uncommon trap: reason=bimorphic action=maybe_recompile pc=0x0000000007bbb760 method=com.android.tools.r8.graph.DexItemFactory.a(Ljava/util/Collection;Lcom/android/tools/r8/naming/NamingLens;)V @ 52
Event: 992.742 Thread 0x0000000026300800 Uncommon trap: reason=class_check action=maybe_recompile pc=0x00000000065163d4 method=com.android.builder.merge.LazyIncrementalFileMergerInput.getFileStatus(Ljava/lang/String;)Lcom/android/ide/common/resources/FileStatus; @ 31
Event: 992.796 Thread 0x000000002b0dc800 Uncommon trap: reason=bimorphic action=maybe_recompile pc=0x0000000007bbb760 method=com.android.tools.r8.graph.DexItemFactory.a(Ljava/util/Collection;Lcom/android/tools/r8/naming/NamingLens;)V @ 52
Event: 992.911 Thread 0x0000000026300800 Uncommon trap: reason=class_check action=maybe_recompile pc=0x0000000002f8b40c method=java.lang.Throwable.<init>(Ljava/lang/String;Ljava/lang/Throwable;)V @ 24
Event: 992.911 Thread 0x0000000026300800 Uncommon trap: reason=unstable_if action=reinterpret pc=0x00000000049c1a1c method=org.gradle.internal.operations.DefaultBuildOperationExecutor$3.stop()V @ 61
Event: 992.912 Thread 0x000000002189d000 Uncommon trap: reason=class_check action=maybe_recompile pc=0x0000000002f8b40c method=java.lang.Throwable.<init>(Ljava/lang/String;Ljava/lang/Throwable;)V @ 24

Classes redefined (0 events):
No events

Internal exceptions (10 events):
Event: 984.641 Thread 0x00000000301d6000 Implicit null exception at 0x00000000029b6d6f to 0x00000000029b6e55
Event: 984.641 Thread 0x00000000301d8800 Implicit null exception at 0x00000000029b6d6f to 0x00000000029b6e55
Event: 984.641 Thread 0x0000000024434800 Implicit null exception at 0x00000000029b6d6f to 0x00000000029b6e55
Event: 984.641 Thread 0x00000000301d3000 Implicit null exception at 0x00000000029b6d6f to 0x00000000029b6e55
Event: 984.641 Thread 0x00000000301d7000 Implicit null exception at 0x00000000029b6d6f to 0x00000000029b6e55
Event: 984.641 Thread 0x000000002442a800 Implicit null exception at 0x00000000029b6d6f to 0x00000000029b6e55
Event: 985.440 Thread 0x0000000026300800 Implicit null exception at 0x00000000062998b0 to 0x00000000062998c1
Event: 992.309 Thread 0x00000000262fc000 Exception <a 'sun/nio/fs/WindowsException'> (0x00000007604496a8) thrown at [C:\re\workspace\8-2-build-windows-amd64-cygwin\jdk8u231\13620\hotspot\src\share\vm\prims\jni.cpp, line 710]
Event: 992.310 Thread 0x00000000262fc000 Exception <a 'sun/nio/fs/WindowsException'> (0x000000076044d3e8) thrown at [C:\re\workspace\8-2-build-windows-amd64-cygwin\jdk8u231\13620\hotspot\src\share\vm\prims\jni.cpp, line 710]
Event: 992.909 Thread 0x0000000026300800 Exception <a 'java/lang/OutOfMemoryError'> (0x0000000776f4fc90) thrown at [C:\re\workspace\8-2-build-windows-amd64-cygwin\jdk8u231\13620\hotspot\src\share\vm\prims\jni.cpp, line 736]

Events (10 events):
Event: 992.909 loading class com/google/common/util/concurrent/AbstractFuture$Failure$1 done
Event: 992.911 Thread 0x0000000026300800 Uncommon trap: trap_request=0xffffffde fr.pc=0x0000000002f8b40c
Event: 992.911 Thread 0x0000000026300800 DEOPT PACKING pc=0x0000000002f8b40c sp=0x00000000314ede80
Event: 992.911 Thread 0x0000000026300800 DEOPT UNPACKING pc=0x00000000028e583b sp=0x00000000314ede50 mode 2
Event: 992.911 Thread 0x0000000026300800 Uncommon trap: trap_request=0xffffff65 fr.pc=0x00000000049c1a1c
Event: 992.911 Thread 0x0000000026300800 DEOPT PACKING pc=0x00000000049c1a1c sp=0x00000000314eeca0
Event: 992.912 Thread 0x0000000026300800 DEOPT UNPACKING pc=0x00000000028e583b sp=0x00000000314eec50 mode 2
Event: 992.912 Thread 0x000000002189d000 Uncommon trap: trap_request=0xffffffde fr.pc=0x0000000002f8b40c
Event: 992.912 Thread 0x000000002189d000 DEOPT PACKING pc=0x0000000002f8b40c sp=0x0000000030eec0f0
Event: 992.912 Thread 0x000000002189d000 DEOPT UNPACKING pc=0x00000000028e583b sp=0x0000000030eec0c0 mode 2


Dynamic libraries:
0x00007ff7391a0000 - 0x00007ff7391d7000 	C:\Program Files\Java\jdk1.8.0_231\bin\java.exe
0x00007ffd42c90000 - 0x00007ffd42e85000 	C:\WINDOWS\SYSTEM32\ntdll.dll
0x00007ffd41f90000 - 0x00007ffd4204e000 	C:\WINDOWS\System32\KERNEL32.DLL
0x00007ffd40720000 - 0x00007ffd409e8000 	C:\WINDOWS\System32\KERNELBASE.dll
0x00007ffd41d50000 - 0x00007ffd41dfe000 	C:\WINDOWS\System32\ADVAPI32.dll
0x00007ffd41e00000 - 0x00007ffd41e9e000 	C:\WINDOWS\System32\msvcrt.dll
0x00007ffd40ce0000 - 0x00007ffd40d7c000 	C:\WINDOWS\System32\sechost.dll
0x00007ffd419e0000 - 0x00007ffd41b05000 	C:\WINDOWS\System32\RPCRT4.dll
0x00007ffd41810000 - 0x00007ffd419b0000 	C:\WINDOWS\System32\USER32.dll
0x00007ffd40b50000 - 0x00007ffd40b72000 	C:\WINDOWS\System32\win32u.dll
0x00007ffd42050000 - 0x00007ffd4207b000 	C:\WINDOWS\System32\GDI32.dll
0x00007ffd40b80000 - 0x00007ffd40c8d000 	C:\WINDOWS\System32\gdi32full.dll
0x00007ffd404a0000 - 0x00007ffd4053d000 	C:\WINDOWS\System32\msvcp_win.dll
0x00007ffd403a0000 - 0x00007ffd404a0000 	C:\WINDOWS\System32\ucrtbase.dll
0x00007ffd3f7a0000 - 0x00007ffd3fa3a000 	C:\WINDOWS\WinSxS\amd64_microsoft.windows.common-controls_6595b64144ccf1df_6.0.19041.1110_none_60b5254171f9507e\COMCTL32.dll
0x00007ffd42150000 - 0x00007ffd42180000 	C:\WINDOWS\System32\IMM32.DLL
0x00000000746d0000 - 0x00000000747a2000 	C:\Program Files\Java\jdk1.8.0_231\jre\bin\msvcr100.dll
0x0000000071070000 - 0x0000000071916000 	C:\Program Files\Java\jdk1.8.0_231\jre\bin\server\jvm.dll
0x00007ffd419b0000 - 0x00007ffd419b8000 	C:\WINDOWS\System32\PSAPI.DLL
0x00007ffd2cea0000 - 0x00007ffd2cea9000 	C:\WINDOWS\SYSTEM32\WSOCK32.dll
0x00007ffd37b00000 - 0x00007ffd37b0a000 	C:\WINDOWS\SYSTEM32\VERSION.dll
0x00007ffd27c80000 - 0x00007ffd27ca7000 	C:\WINDOWS\SYSTEM32\WINMM.dll
0x00007ffd41ea0000 - 0x00007ffd41f0b000 	C:\WINDOWS\System32\WS2_32.dll
0x00007ffd299d0000 - 0x00007ffd299df000 	C:\Program Files\Java\jdk1.8.0_231\jre\bin\verify.dll
0x00007ffd26280000 - 0x00007ffd262a9000 	C:\Program Files\Java\jdk1.8.0_231\jre\bin\java.dll
0x00007ffd25e90000 - 0x00007ffd25ea6000 	C:\Program Files\Java\jdk1.8.0_231\jre\bin\zip.dll
0x00007ffd42450000 - 0x00007ffd42b94000 	C:\WINDOWS\System32\SHELL32.dll
0x00007ffd3de20000 - 0x00007ffd3e5b4000 	C:\WINDOWS\SYSTEM32\windows.storage.dll
0x00007ffd40d80000 - 0x00007ffd410d5000 	C:\WINDOWS\System32\combase.dll
0x00007ffd3f700000 - 0x00007ffd3f72e000 	C:\WINDOWS\SYSTEM32\Wldp.dll
0x00007ffd410f0000 - 0x00007ffd4119d000 	C:\WINDOWS\System32\SHCORE.dll
0x00007ffd417b0000 - 0x00007ffd41805000 	C:\WINDOWS\System32\shlwapi.dll
0x00007ffd402e0000 - 0x00007ffd402ff000 	C:\WINDOWS\SYSTEM32\profapi.dll
0x00007ffd25e70000 - 0x00007ffd25e8a000 	C:\Program Files\Java\jdk1.8.0_231\jre\bin\net.dll
0x00007ffd3f5d0000 - 0x00007ffd3f63a000 	C:\WINDOWS\system32\mswsock.dll
0x00007ffd24420000 - 0x00007ffd24432000 	C:\Program Files\Java\jdk1.8.0_231\jre\bin\nio.dll
0x00007ffd1ddc0000 - 0x00007ffd1ddea000 	C:\Users\lyous\.gradle\native\36\windows-amd64\native-platform.dll
0x00007ffd285d0000 - 0x00007ffd285dd000 	C:\Program Files\Java\jdk1.8.0_231\jre\bin\management.dll
0x00007ffd40120000 - 0x00007ffd40138000 	C:\WINDOWS\SYSTEM32\CRYPTSP.dll
0x00007ffd3ee00000 - 0x00007ffd3ee34000 	C:\WINDOWS\system32\rsaenh.dll
0x00007ffd40540000 - 0x00007ffd40567000 	C:\WINDOWS\System32\bcrypt.dll
0x00007ffd402a0000 - 0x00007ffd402ce000 	C:\WINDOWS\SYSTEM32\USERENV.dll
0x00007ffd40620000 - 0x00007ffd406a2000 	C:\WINDOWS\System32\bcryptprimitives.dll
0x00007ffd3f6c0000 - 0x00007ffd3f6cc000 	C:\WINDOWS\SYSTEM32\CRYPTBASE.dll
0x00007ffd3f150000 - 0x00007ffd3f18b000 	C:\WINDOWS\SYSTEM32\IPHLPAPI.DLL
0x00007ffd41740000 - 0x00007ffd41748000 	C:\WINDOWS\System32\NSI.dll
0x00007ffd37080000 - 0x00007ffd37097000 	C:\WINDOWS\SYSTEM32\dhcpcsvc6.DLL
0x00007ffd37180000 - 0x00007ffd3719d000 	C:\WINDOWS\SYSTEM32\dhcpcsvc.DLL
0x00007ffd3f190000 - 0x00007ffd3f25b000 	C:\WINDOWS\SYSTEM32\DNSAPI.dll
0x00007ffd26ca0000 - 0x00007ffd26cc4000 	C:\Program Files\Java\jdk1.8.0_231\jre\bin\sunec.dll
0x00007ffd37150000 - 0x00007ffd3715a000 	C:\Windows\System32\rasadhlp.dll
0x00007ffd2d840000 - 0x00007ffd2d8bf000 	C:\WINDOWS\System32\fwpuclnt.dll
0x00007ffd26c00000 - 0x00007ffd26c0b000 	C:\Program Files\Java\jdk1.8.0_231\jre\bin\sunmscapi.dll
0x00007ffd409f0000 - 0x00007ffd40b46000 	C:\WINDOWS\System32\CRYPT32.dll
0x00007ffd40000000 - 0x00007ffd40033000 	C:\WINDOWS\SYSTEM32\ntmarta.dll
0x00007ffd26c40000 - 0x00007ffd26c5e000 	C:\Users\lyous\AppData\Local\Temp\native-platform786309064255938132dir\native-platform.dll

VM Arguments:
jvm_args: -Xmx4608m -Dfile.encoding=windows-1252 -Duser.country=FR -Duser.language=fr -Duser.variant 
java_command: org.gradle.launcher.daemon.bootstrap.GradleDaemon 6.2
java_class_path (initial): C:\Users\lyous\.gradle\wrapper\dists\gradle-6.2-all\dvufqs6kielxeao781pmk5huj\gradle-6.2\lib\gradle-launcher-6.2.jar
Launcher Type: SUN_STANDARD

Environment Variables:
JAVA_HOME=C:\Program Files\Java\jdk1.8.0_231
CLASSPATH=D:\Github\Groupe-Synergys\android\\gradle\wrapper\gradle-wrapper.jar
PATH=D:\Github\Groupe-Synergys\android\node_modules\.bin;D:\Github\Groupe-Synergys\node_modules\.bin;D:\Github\node_modules\.bin;D:\node_modules\.bin;C:\Program Files\nodejs;C:\Users\lyous\AppData\Roaming\npm-cache\_npx\35800;D:\Github\Groupe-Synergys\node_modules\.bin;C:\Python27\;C:\Python27\Scripts;C:\windows\system32;C:\windows;C:\windows\System32\Wbem;C:\windows\System32\WindowsPowerShell\v1.0\;C:\windows\System32\OpenSSH\;C:\Program Files (x86)\NVIDIA Corporation\PhysX\Common;C:\Program Files\NVIDIA Corporation\NVIDIA NvDLISR;C:\ProgramData\chocolatey\bin;C:\Program Files\Java\jdk1.8.0_231\bin;C:\Program Files (x86)\Windows Live\Shared;C:\Users\lyous\AppData\Roaming\nvm;C:\Program Files\nodejs;C:\WINDOWS\system32;C:\WINDOWS;C:\WINDOWS\System32\Wbem;C:\WINDOWS\System32\WindowsPowerShell\v1.0\;C:\WINDOWS\System32\OpenSSH\;C:\Program Files\Git\cmd;C:\Users\lyous\AppData\Local\Microsoft\WindowsApps;C:\Users\lyous\AppData\Roaming\npm;C:\Users\lyous\AppData\Local\Android\Sdk\platform-tools;C:\Users\lyous\AppData\Local\Programs\Microsoft VS Code\bin;C:\Users\lyous\AppData\Local\GitHubDesktop\bin;C:\Program Files\Git\bin\;C:\Program Files\Git\cmd\;C:\Users\lyous\AppData\Roaming\nvm;C:\Program Files\nodejs;C:\Users\lyous\AppData\Local\Microsoft\WindowsApps;
USERNAME=lyous
OS=Windows_NT
PROCESSOR_IDENTIFIER=Intel64 Family 6 Model 158 Stepping 10, GenuineIntel



---------------  S Y S T E M  ---------------

OS: Windows 10.0 , 64 bit Build 19041 (10.0.19041.1503)

CPU:total 8 (initial active 8) (4 cores per cpu, 2 threads per core) family 6 model 158 stepping 10, cmov, cx8, fxsr, mmx, sse, sse2, sse3, ssse3, sse4.1, sse4.2, popcnt, avx, avx2, aes, clmul, erms, 3dnowpref, lzcnt, ht, tsc, tscinvbit, bmi1, bmi2, adx

Memory: 4k page, physical 8192128k(470220k free), swap 17127980k(2536k free)

vm_info: Java HotSpot(TM) 64-Bit Server VM (25.231-b11) for windows-amd64 JRE (1.8.0_231-b11), built on Oct  5 2019 03:11:30 by "java_re" with MS VC++ 10.0 (VS2010)

time: Thu Apr 28 07:00:45 2022
timezone: Maroc
elapsed time: 992 seconds (0d 0h 16m 32s)

